Log file open, 01/06/20 09:55:48
LogWindows: Failed to load 'aqProf.dll' (GetLastError=126)
LogWindows: File 'aqProf.dll' does not exist
LogWindows: Failed to load 'VtuneApi.dll' (GetLastError=126)
LogWindows: File 'VtuneApi.dll' does not exist
LogWindows: Failed to load 'VtuneApi32e.dll' (GetLastError=126)
LogWindows: File 'VtuneApi32e.dll' does not exist
LogConsoleResponse: Display: Failed to find resolution value strings in scalability ini. Falling back to default.
LogInit: Display: Running engine for game: SURINA
LogPlatformFile: Not using cached read wrapper
LogTaskGraph: Started task graph with 5 named threads and 23 total threads with 3 sets of task threads.
LogStats: Stats thread started at 0.065939
LogD3D11RHI: Loaded GFSDK_Aftermath_Lib.x64.dll
LogICUInternationalization: ICU TimeZone Detection - Raw Offset: +1:00, Platform Override: ''
LogPluginManager: Mounting plugin Paper2D
LogPluginManager: Mounting plugin AISupport
LogPluginManager: Mounting plugin LightPropagationVolume
LogPluginManager: Mounting plugin ActorLayerUtilities
LogPluginManager: Mounting plugin AnimationSharing
LogPluginManager: Mounting plugin CLionSourceCodeAccess
LogPluginManager: Mounting plugin CodeLiteSourceCodeAccess
LogPluginManager: Mounting plugin GitSourceControl
LogPluginManager: Mounting plugin KDevelopSourceCodeAccess
LogPluginManager: Mounting plugin NullSourceCodeAccess
LogPluginManager: Mounting plugin PerforceSourceControl
LogPluginManager: Mounting plugin SubversionSourceControl
LogPluginManager: Mounting plugin UObjectPlugin
LogPluginManager: Mounting plugin VisualStudioCodeSourceCodeAccess
LogPluginManager: Mounting plugin VisualStudioSourceCodeAccess
LogPluginManager: Mounting plugin XCodeSourceCodeAccess
LogPluginManager: Mounting plugin AssetManagerEditor
LogPluginManager: Mounting plugin CryptoKeys
LogPluginManager: Mounting plugin CurveEditorTools
LogPluginManager: Mounting plugin DataValidation
LogPluginManager: Mounting plugin FacialAnimation
LogPluginManager: Mounting plugin GameplayTagsEditor
LogPluginManager: Mounting plugin MacGraphicsSwitching
LogPluginManager: Mounting plugin MaterialAnalyzer
LogPluginManager: Mounting plugin MobileLauncherProfileWizard
LogPluginManager: Mounting plugin PluginBrowser
LogPluginManager: Mounting plugin SpeedTreeImporter
LogPluginManager: Mounting plugin DatasmithContent
LogPluginManager: Mounting plugin VariantManagerContent
LogPluginManager: Mounting plugin AlembicImporter
LogPluginManager: Mounting plugin AutomationUtils
LogPluginManager: Mounting plugin BackChannel
LogPluginManager: Mounting plugin CharacterAI
LogPluginManager: Mounting plugin GeometryCache
LogPluginManager: Mounting plugin HTML5Networking
LogPluginManager: Mounting plugin PlatformCrypto
LogPluginManager: Mounting plugin ProxyLODPlugin
LogPluginManager: Mounting plugin SkeletalReduction
LogPluginManager: Mounting plugin MagicLeap
LogPluginManager: Mounting plugin MagicLeapMedia
LogPluginManager: Mounting plugin AndroidMedia
LogPluginManager: Mounting plugin AvfMedia
LogPluginManager: Mounting plugin ImgMedia
LogPluginManager: Mounting plugin MediaCompositing
LogPluginManager: Mounting plugin MediaPlayerEditor
LogPluginManager: Mounting plugin WebMMedia
LogPluginManager: Mounting plugin WmfMedia
LogPluginManager: Mounting plugin TcpMessaging
LogPluginManager: Mounting plugin UdpMessaging
LogPluginManager: Mounting plugin ActorSequence
LogPluginManager: Mounting plugin LevelSequenceEditor
LogPluginManager: Mounting plugin MatineeToLevelSequence
LogPluginManager: Mounting plugin NetcodeUnitTest
LogPluginManager: Mounting plugin NUTUnrealEngine4
LogPluginManager: Mounting plugin OnlineSubsystemGooglePlay
LogPluginManager: Mounting plugin OnlineSubsystemIOS
LogPluginManager: Mounting plugin OnlineSubsystem
LogPluginManager: Mounting plugin OnlineSubsystemNull
LogPluginManager: Mounting plugin OnlineSubsystemUtils
LogPluginManager: Mounting plugin LauncherChunkInstaller
LogPluginManager: Mounting plugin AndroidDeviceProfileSelector
LogPluginManager: Mounting plugin AndroidMoviePlayer
LogPluginManager: Mounting plugin AndroidPermission
LogPluginManager: Mounting plugin AppleImageUtils
LogPluginManager: Mounting plugin AppleMoviePlayer
LogPluginManager: Mounting plugin ArchVisCharacter
LogPluginManager: Mounting plugin AudioCapture
LogPluginManager: Mounting plugin CableComponent
LogPluginManager: Mounting plugin CustomMeshComponent
LogPluginManager: Mounting plugin EditableMesh
LogPluginManager: Mounting plugin ExampleDeviceProfileSelector
LogPluginManager: Mounting plugin GoogleCloudMessaging
LogPluginManager: Mounting plugin IOSDeviceProfileSelector
LogPluginManager: Mounting plugin LinuxDeviceProfileSelector
LogPluginManager: Mounting plugin LocationServicesBPLibrary
LogPluginManager: Mounting plugin MobilePatchingUtils
LogPluginManager: Mounting plugin OculusVR
LogPluginManager: Mounting plugin PhysXVehicles
LogPluginManager: Mounting plugin ProceduralMeshComponent
LogPluginManager: Mounting plugin RuntimePhysXCooking
LogPluginManager: Mounting plugin SignificanceManager
LogPluginManager: Mounting plugin SteamVR
LogPluginManager: Mounting plugin WebMMoviePlayer
LogPluginManager: Mounting plugin WindowsMoviePlayer
LogPluginManager: Mounting plugin ScreenshotTools
LogInit: Warning: Incompatible or missing module: SURINA
Running C:/Program Files/Epic Games/UE_4.23/Engine/Binaries/DotNET/UnrealBuildTool.exe Development Win64 -Project="C:/Users/k.allaire/Desktop/Github/Unreal-Engine-Level-Design/SURINA/SURINA.uproject" -TargetType=Editor -Progress -NoHotReloadFromIDE
Using 'git status' to determine working set for adaptive non-unity build (C:\Users\k.allaire\Desktop\Github\Unreal-Engine-Level-Design).
Creating makefile for SURINAEditor (.uproject file is newer)
@progress push 5%
Parsing headers for SURINAEditor
  Running UnrealHeaderTool "C:\Users\k.allaire\Desktop\Github\Unreal-Engine-Level-Design\SURINA\SURINA.uproject" "C:\Users\k.allaire\Desktop\Github\Unreal-Engine-Level-Design\SURINA\Intermediate\Build\Win64\SURINAEditor\Development\SURINAEditor.uhtmanifest" -LogCmds="loginit warning, logexit warning, logdatabase error" -Unattended -WarningsAsErrors -installed
Reflection code generated for SURINAEditor in 41,2762157 seconds
@progress pop
Using Visual Studio 2019 14.21.27702 toolchain (C:\Program Files (x86)\Microsoft Visual Studio\2019\Community\VC\Tools\MSVC\14.21.27702) and Windows 10.0.16299.0 SDK (C:\Program Files (x86)\Windows Kits\10).
Building 19 actions with 8 processes...
  @progress 'Compiling C++ source code...' 0%
  @progress 'Compiling C++ source code...' 5%
  [1/19] KnifeProjectile.cpp
  @progress 'Compiling C++ source code...' 11%
  [2/19] BasicGuard.cpp
  @progress 'Compiling C++ source code...' 16%
  [3/19] SURINA.cpp
  @progress 'Compiling C++ source code...' 21%
  [4/19] TeamAIController.cpp
  @progress 'Compiling C++ source code...' 26%
  [5/19] SURINAGameMode.cpp
  @progress 'Compiling C++ source code...' 32%
  [6/19] TeamAIController.gen.cpp
  @progress 'Compiling C++ source code...' 37%
  [7/19] SURINAPlayerController.cpp
  @progress 'Compiling C++ source code...' 42%
  [8/19] PlayerCharacter.cpp
  @progress 'Compiling C++ source code...' 47%
  [9/19] BasicGuard.gen.cpp
  @progress 'Compiling C++ source code...' 53%
  [10/19] SURINA.init.gen.cpp
  @progress 'Compiling C++ source code...' 58%
  [11/19] SURINAPlayerController.gen.cpp
  @progress 'Compiling C++ source code...' 63%
  [12/19] SURINACharacter.gen.cpp
  @progress 'Compiling C++ source code...' 68%
  [13/19] KnifeProjectile.gen.cpp
  @progress 'Compiling C++ source code...' 74%
  [14/19] PlayerCharacter.gen.cpp
  @progress 'Compiling C++ source code...' 79%
  [15/19] SURINAGameMode.gen.cpp
  @progress 'Compiling C++ source code...' 84%
  [16/19] SURINACharacter.cpp
  @progress 'Compiling C++ source code...' 89%
  [17/19] UE4Editor-SURINA.lib
     Creating library C:\Users\k.allaire\Desktop\Github\Unreal-Engine-Level-Design\SURINA\Intermediate\Build\Win64\UE4Editor\Development\SURINA\UE4Editor-SURINA.lib and object C:\Users\k.allaire\Desktop\Github\Unreal-Engine-Level-Design\SURINA\Intermediate\Build\Win64\UE4Editor\Development\SURINA\UE4Editor-SURINA.exp
  @progress 'Compiling C++ source code...' 95%
  [18/19] UE4Editor-SURINA.dll
     Creating library C:\Users\k.allaire\Desktop\Github\Unreal-Engine-Level-Design\SURINA\Intermediate\Build\Win64\UE4Editor\Development\SURINA\UE4Editor-SURINA.suppressed.lib and object C:\Users\k.allaire\Desktop\Github\Unreal-Engine-Level-Design\SURINA\Intermediate\Build\Win64\UE4Editor\Development\SURINA\UE4Editor-SURINA.suppressed.exp
  @progress 'Compiling C++ source code...' 100%
  [19/19] SURINAEditor.target
Total time in Parallel executor: 117,22 seconds
Total execution time: 172,12 seconds
LogInit: Using libcurl 7.55.1-DEV
LogInit:  - built for x86_64-pc-win32
LogInit:  - supports SSL with OpenSSL/1.1.1
LogInit:  - supports HTTP deflate (compression) using libz 1.2.8
LogInit:  - other features:
LogInit:      CURL_VERSION_SSL
LogInit:      CURL_VERSION_LIBZ
LogInit:      CURL_VERSION_IPV6
LogInit:      CURL_VERSION_ASYNCHDNS
LogInit:      CURL_VERSION_LARGEFILE
LogInit:      CURL_VERSION_IDN
LogInit:  CurlRequestOptions (configurable via config and command line):
LogInit:  - bVerifyPeer = true  - Libcurl will verify peer certificate
LogInit:  - bUseHttpProxy = false  - Libcurl will NOT use HTTP proxy
LogInit:  - bDontReuseConnections = false  - Libcurl will reuse connections
LogInit:  - MaxHostConnections = 16  - Libcurl will limit the number of connections to a host
LogInit:  - LocalHostAddr = Default
LogInit:  - BufferSize = 65536
LogOnline: OSS: Creating online subsystem instance for: NULL
LogInit: WinSock: version 1.1 (2.2), MaxSocks=32767, MaxUdp=65467
LogInit: Build: ++UE4+Release-4.23-CL-8386587
LogInit: Engine Version: 4.23.0-8386587+++UE4+Release-4.23
LogInit: Compatible Engine Version: 4.23.0-8386587+++UE4+Release-4.23
LogInit: Net CL: 8386587
LogInit: OS: Windows 10 (Release 1903) (), CPU: Intel(R) Core(TM) i7-4790K CPU @ 4.00GHz, GPU: NVIDIA GeForce GTX 980
LogInit: Compiled (64-bit): Aug 31 2019 02:04:44
LogInit: Compiled with Visual C++: 19.16.27030.01
LogInit: Build Configuration: Development
LogInit: Branch Name: ++UE4+Release-4.23
LogInit: Command Line:  -EpicPortal -epicusername=BROKILL78 -epicuserid=2620d2c7d65a4ab3a5f1671d9b849ed0 -epiclocale=en-US
LogInit: Base Directory: C:/Program Files/Epic Games/UE_4.23/Engine/Binaries/Win64/
LogInit: Installed Engine Build: 1
LogDevObjectVersion: Number of dev versions registered: 23
LogDevObjectVersion:   Dev-Blueprints (B0D832E4-1F89-4F0D-ACCF-7EB736FD4AA2): 10
LogDevObjectVersion:   Dev-Build (E1C64328-A22C-4D53-A36C-8E866417BD8C): 0
LogDevObjectVersion:   Dev-Core (375EC13C-06E4-48FB-B500-84F0262A717E): 3
LogDevObjectVersion:   Dev-Editor (E4B068ED-F494-42E9-A231-DA0B2E46BB41): 34
LogDevObjectVersion:   Dev-Framework (CFFC743F-43B0-4480-9391-14DF171D2073): 35
LogDevObjectVersion:   Dev-Mobile (B02B49B5-BB20-44E9-A304-32B752E40360): 2
LogDevObjectVersion:   Dev-Networking (A4E4105C-59A1-49B5-A7C5-40C4547EDFEE): 0
LogDevObjectVersion:   Dev-Online (39C831C9-5AE6-47DC-9A44-9C173E1C8E7C): 0
LogDevObjectVersion:   Dev-Physics (78F01B33-EBEA-4F98-B9B4-84EACCB95AA2): 0
LogDevObjectVersion:   Dev-Platform (6631380F-2D4D-43E0-8009-CF276956A95A): 0
LogDevObjectVersion:   Dev-Rendering (12F88B9F-8875-4AFC-A67C-D90C383ABD29): 31
LogDevObjectVersion:   Dev-Sequencer (7B5AE74C-D270-4C10-A958-57980B212A5A): 11
LogDevObjectVersion:   Dev-VR (D7296918-1DD6-4BDD-9DE2-64A83CC13884): 2
LogDevObjectVersion:   Dev-LoadTimes (C2A15278-BFE7-4AFE-6C17-90FF531DF755): 1
LogDevObjectVersion:   Private-Geometry (6EACA3D4-40EC-4CC1-B786-8BED09428FC5): 3
LogDevObjectVersion:   Dev-AnimPhys (29E575DD-E0A3-4627-9D10-D276232CDCEA): 17
LogDevObjectVersion:   Dev-Anim (AF43A65D-7FD3-4947-9873-3E8ED9C1BB05): 2
LogDevObjectVersion:   Dev-ReflectionCapture (6B266CEC-1EC7-4B8F-A30B-E4D90942FC07): 1
LogDevObjectVersion:   Dev-Automation (0DF73D61-A23F-47EA-B727-89E90C41499A): 1
LogDevObjectVersion:   FortniteMain (601D1886-AC64-4F84-AA16-D3DE0DEAC7D6): 27
LogDevObjectVersion:   Dev-Enterprise (9DFFBCD6-494F-0158-E221-12823C92A888): 6
LogDevObjectVersion:   Dev-Niagara (F2AED0AC-9AFE-416F-8664-AA7FFA26D6FC): 1
LogDevObjectVersion:   Dev-Destruction (174F1F0B-B4C6-45A5-B13F-2EE8D0FB917D): 9
LogInit: Presizing for max 16777216 objects, including 0 objects not considered by GC, pre-allocating 0 bytes for permanent pool.
LogInit: Object subsystem initialized
LogConfig: Setting CVar [[con.DebugEarlyDefault:1]]
LogConfig: Setting CVar [[r.setres:1280x720]]
[2020.01.06-08.58.48:322][  0]LogConfig: Setting CVar [[r.VSync:0]]
[2020.01.06-08.58.48:322][  0]LogConfig: Setting CVar [[r.RHICmdBypass:0]]
[2020.01.06-08.58.48:322][  0]LogConfig: Applying CVar settings from Section [/Script/Engine.RendererSettings] File [C:/Users/k.allaire/Desktop/Github/Unreal-Engine-Level-Design/SURINA/Saved/Config/Windows/Engine.ini]
[2020.01.06-08.58.48:322][  0]LogConfig: Setting CVar [[r.GPUCrashDebugging:0]]
[2020.01.06-08.58.48:322][  0]LogConfig: Setting CVar [[r.DefaultFeature.AutoExposure.Method:0]]
[2020.01.06-08.58.48:322][  0]LogConfig: Setting CVar [[r.EyeAdaptation.EditorOnly:0]]
[2020.01.06-08.58.48:322][  0]LogConfig: Setting CVar [[r.UsePreExposure:0]]
[2020.01.06-08.58.48:322][  0]LogConfig: Setting CVar [[r.DefaultFeature.AntiAliasing:1]]
[2020.01.06-08.58.48:322][  0]LogConfig: Setting CVar [[r.DefaultFeature.AutoExposure:0]]
[2020.01.06-08.58.48:322][  0]LogConfig: Setting CVar [[r.DefaultFeature.AmbientOcclusion:1]]
[2020.01.06-08.58.48:322][  0]LogConfig: Setting CVar [[r.DefaultFeature.MotionBlur:1]]
[2020.01.06-08.58.48:322][  0]LogConfig: Setting CVar [[r.DefaultFeature.LensFlare:0]]
[2020.01.06-08.58.48:322][  0]LogConfig: Setting CVar [[r.DefaultFeature.LightUnits:1]]
[2020.01.06-08.58.48:322][  0]LogConfig: Setting CVar [[r.DefaultFeature.AutoExposure.ExtendDefaultLuminanceRange:0]]
[2020.01.06-08.58.48:322][  0]LogConfig: Setting CVar [[r.DefaultFeature.Bloom:1]]
[2020.01.06-08.58.48:322][  0]LogConfig: Setting CVar [[r.DefaultFeature.AmbientOcclusionStaticFraction:1]]
[2020.01.06-08.58.48:322][  0]LogConfig: Setting CVar [[r.DefaultBackBufferPixelFormat:4]]
[2020.01.06-08.58.48:322][  0]LogConfig: Applying CVar settings from Section [/Script/Engine.RendererOverrideSettings] File [C:/Users/k.allaire/Desktop/Github/Unreal-Engine-Level-Design/SURINA/Saved/Config/Windows/Engine.ini]
[2020.01.06-08.58.48:322][  0]LogConfig: Applying CVar settings from Section [/Script/Engine.StreamingSettings] File [C:/Users/k.allaire/Desktop/Github/Unreal-Engine-Level-Design/SURINA/Saved/Config/Windows/Engine.ini]
[2020.01.06-08.58.48:322][  0]LogConfig: Setting CVar [[s.MinBulkDataSizeForAsyncLoading:131072]]
[2020.01.06-08.58.48:322][  0]LogConfig: Setting CVar [[s.AsyncLoadingThreadEnabled:0]]
[2020.01.06-08.58.48:322][  0]LogConfig: Setting CVar [[s.EventDrivenLoaderEnabled:1]]
[2020.01.06-08.58.48:322][  0]LogConfig: Setting CVar [[s.WarnIfTimeLimitExceeded:0]]
[2020.01.06-08.58.48:322][  0]LogConfig: Setting CVar [[s.TimeLimitExceededMultiplier:1.5]]
[2020.01.06-08.58.48:322][  0]LogConfig: Setting CVar [[s.TimeLimitExceededMinTime:0.005]]
[2020.01.06-08.58.48:322][  0]LogConfig: Setting CVar [[s.UseBackgroundLevelStreaming:1]]
[2020.01.06-08.58.48:322][  0]LogConfig: Setting CVar [[s.PriorityAsyncLoadingExtraTime:15.0]]
[2020.01.06-08.58.48:322][  0]LogConfig: Setting CVar [[s.LevelStreamingActorsUpdateTimeLimit:5.0]]
[2020.01.06-08.58.48:322][  0]LogConfig: Setting CVar [[s.PriorityLevelStreamingActorsUpdateExtraTime:5.0]]
[2020.01.06-08.58.48:322][  0]LogConfig: Setting CVar [[s.LevelStreamingComponentsRegistrationGranularity:10]]
[2020.01.06-08.58.48:322][  0]LogConfig: Setting CVar [[s.UnregisterComponentsTimeLimit:1.0]]
[2020.01.06-08.58.48:322][  0]LogConfig: Setting CVar [[s.LevelStreamingComponentsUnregistrationGranularity:5]]
[2020.01.06-08.58.48:322][  0]LogConfig: Applying CVar settings from Section [/Script/Engine.GarbageCollectionSettings] File [C:/Users/k.allaire/Desktop/Github/Unreal-Engine-Level-Design/SURINA/Saved/Config/Windows/Engine.ini]
[2020.01.06-08.58.48:322][  0]LogConfig: Setting CVar [[gc.MaxObjectsNotConsideredByGC:1]]
[2020.01.06-08.58.48:322][  0]LogConfig: Setting CVar [[gc.SizeOfPermanentObjectPool:0]]
[2020.01.06-08.58.48:322][  0]LogConfig: Setting CVar [[gc.FlushStreamingOnGC:0]]
[2020.01.06-08.58.48:322][  0]LogConfig: Setting CVar [[gc.NumRetriesBeforeForcingGC:10]]
[2020.01.06-08.58.48:322][  0]LogConfig: Setting CVar [[gc.AllowParallelGC:1]]
[2020.01.06-08.58.48:322][  0]LogConfig: Setting CVar [[gc.TimeBetweenPurgingPendingKillObjects:61.1]]
[2020.01.06-08.58.48:322][  0]LogConfig: Setting CVar [[gc.MaxObjectsInEditor:16777216]]
[2020.01.06-08.58.48:322][  0]LogConfig: Setting CVar [[gc.IncrementalBeginDestroyEnabled:1]]
[2020.01.06-08.58.48:322][  0]LogConfig: Setting CVar [[gc.CreateGCClusters:1]]
[2020.01.06-08.58.48:322][  0]LogConfig: Setting CVar [[gc.MinGCClusterSize:5]]
[2020.01.06-08.58.48:322][  0]LogConfig: Setting CVar [[gc.ActorClusteringEnabled:0]]
[2020.01.06-08.58.48:322][  0]LogConfig: Setting CVar [[gc.BlueprintClusteringEnabled:0]]
[2020.01.06-08.58.48:322][  0]LogConfig: Setting CVar [[gc.UseDisregardForGCOnDedicatedServers:0]]
[2020.01.06-08.58.48:322][  0]LogConfig: Applying CVar settings from Section [/Script/Engine.NetworkSettings] File [C:/Users/k.allaire/Desktop/Github/Unreal-Engine-Level-Design/SURINA/Saved/Config/Windows/Engine.ini]
[2020.01.06-08.58.48:322][  0]LogConfig: Applying CVar settings from Section [/Script/UnrealEd.CookerSettings] File [C:/Users/k.allaire/Desktop/Github/Unreal-Engine-Level-Design/SURINA/Saved/Config/Windows/Engine.ini]
[2020.01.06-08.58.48:328][  0]LogConfig: Applying CVar settings from Section [ViewDistanceQuality@3] File [C:/Users/k.allaire/Desktop/Github/Unreal-Engine-Level-Design/SURINA/Saved/Config/Windows/Scalability.ini]
[2020.01.06-08.58.48:328][  0]LogConfig: Setting CVar [[r.SkeletalMeshLODBias:0]]
[2020.01.06-08.58.48:328][  0]LogConfig: Setting CVar [[r.ViewDistanceScale:1.0]]
[2020.01.06-08.58.48:328][  0]LogConfig: Applying CVar settings from Section [AntiAliasingQuality@3] File [C:/Users/k.allaire/Desktop/Github/Unreal-Engine-Level-Design/SURINA/Saved/Config/Windows/Scalability.ini]
[2020.01.06-08.58.48:329][  0]LogConfig: Setting CVar [[r.PostProcessAAQuality:4]]
[2020.01.06-08.58.48:329][  0]LogConfig: Applying CVar settings from Section [ShadowQuality@3] File [C:/Users/k.allaire/Desktop/Github/Unreal-Engine-Level-Design/SURINA/Saved/Config/Windows/Scalability.ini]
[2020.01.06-08.58.48:329][  0]LogConfig: Setting CVar [[r.LightFunctionQuality:1]]
[2020.01.06-08.58.48:329][  0]LogConfig: Setting CVar [[r.ShadowQuality:5]]
[2020.01.06-08.58.48:329][  0]LogConfig: Setting CVar [[r.Shadow.CSM.MaxCascades:10]]
[2020.01.06-08.58.48:329][  0]LogConfig: Setting CVar [[r.Shadow.MaxResolution:2048]]
[2020.01.06-08.58.48:329][  0]LogConfig: Setting CVar [[r.Shadow.MaxCSMResolution:2048]]
[2020.01.06-08.58.48:329][  0]LogConfig: Setting CVar [[r.Shadow.RadiusThreshold:0.01]]
[2020.01.06-08.58.48:329][  0]LogConfig: Setting CVar [[r.Shadow.DistanceScale:1.0]]
[2020.01.06-08.58.48:329][  0]LogConfig: Setting CVar [[r.Shadow.CSM.TransitionScale:1.0]]
[2020.01.06-08.58.48:329][  0]LogConfig: Setting CVar [[r.Shadow.PreShadowResolutionFactor:1.0]]
[2020.01.06-08.58.48:329][  0]LogConfig: Setting CVar [[r.DistanceFieldShadowing:1]]
[2020.01.06-08.58.48:329][  0]LogConfig: Setting CVar [[r.DistanceFieldAO:1]]
[2020.01.06-08.58.48:329][  0]LogConfig: Setting CVar [[r.AOQuality:2]]
[2020.01.06-08.58.48:329][  0]LogConfig: Setting CVar [[r.VolumetricFog:1]]
[2020.01.06-08.58.48:329][  0]LogConfig: Setting CVar [[r.VolumetricFog.GridPixelSize:8]]
[2020.01.06-08.58.48:329][  0]LogConfig: Setting CVar [[r.VolumetricFog.GridSizeZ:128]]
[2020.01.06-08.58.48:329][  0]LogConfig: Setting CVar [[r.VolumetricFog.HistoryMissSupersampleCount:4]]
[2020.01.06-08.58.48:329][  0]LogConfig: Setting CVar [[r.LightMaxDrawDistanceScale:1]]
[2020.01.06-08.58.48:329][  0]LogConfig: Setting CVar [[r.CapsuleShadows:1]]
[2020.01.06-08.58.48:329][  0]LogConfig: Applying CVar settings from Section [PostProcessQuality@3] File [C:/Users/k.allaire/Desktop/Github/Unreal-Engine-Level-Design/SURINA/Saved/Config/Windows/Scalability.ini]
[2020.01.06-08.58.48:329][  0]LogConfig: Setting CVar [[r.MotionBlurQuality:4]]
[2020.01.06-08.58.48:329][  0]LogConfig: Setting CVar [[r.AmbientOcclusionMipLevelFactor:0.4]]
[2020.01.06-08.58.48:329][  0]LogConfig: Setting CVar [[r.AmbientOcclusionMaxQuality:100]]
[2020.01.06-08.58.48:329][  0]LogConfig: Setting CVar [[r.AmbientOcclusionLevels:-1]]
[2020.01.06-08.58.48:329][  0]LogConfig: Setting CVar [[r.AmbientOcclusionRadiusScale:1.0]]
[2020.01.06-08.58.48:329][  0]LogConfig: Setting CVar [[r.DepthOfFieldQuality:2]]
[2020.01.06-08.58.48:329][  0]LogConfig: Setting CVar [[r.RenderTargetPoolMin:400]]
[2020.01.06-08.58.48:329][  0]LogConfig: Setting CVar [[r.LensFlareQuality:2]]
[2020.01.06-08.58.48:329][  0]LogConfig: Setting CVar [[r.SceneColorFringeQuality:1]]
[2020.01.06-08.58.48:329][  0]LogConfig: Setting CVar [[r.EyeAdaptationQuality:2]]
[2020.01.06-08.58.48:329][  0]LogConfig: Setting CVar [[r.BloomQuality:5]]
[2020.01.06-08.58.48:329][  0]LogConfig: Setting CVar [[r.FastBlurThreshold:100]]
[2020.01.06-08.58.48:329][  0]LogConfig: Setting CVar [[r.Upscale.Quality:3]]
[2020.01.06-08.58.48:329][  0]LogConfig: Setting CVar [[r.Tonemapper.GrainQuantization:1]]
[2020.01.06-08.58.48:329][  0]LogConfig: Setting CVar [[r.LightShaftQuality:1]]
[2020.01.06-08.58.48:329][  0]LogConfig: Setting CVar [[r.Filter.SizeScale:1]]
[2020.01.06-08.58.48:329][  0]LogConfig: Setting CVar [[r.Tonemapper.Quality:5]]
[2020.01.06-08.58.48:329][  0]LogConfig: Setting CVar [[r.DOF.Gather.AccumulatorQuality:1        ; higher gathering accumulator quality]]
[2020.01.06-08.58.48:329][  0]LogConfig: Setting CVar [[r.DOF.Gather.PostfilterMethod:1          ; Median3x3 postfilering method]]
[2020.01.06-08.58.48:329][  0]LogConfig: Setting CVar [[r.DOF.Gather.EnableBokehSettings:0       ; no bokeh simulation when gathering]]
[2020.01.06-08.58.48:329][  0]LogConfig: Setting CVar [[r.DOF.Gather.RingCount:4                 ; medium number of samples when gathering]]
[2020.01.06-08.58.48:329][  0]LogConfig: Setting CVar [[r.DOF.Scatter.ForegroundCompositing:1    ; additive foreground scattering]]
[2020.01.06-08.58.48:329][  0]LogConfig: Setting CVar [[r.DOF.Scatter.BackgroundCompositing:2    ; additive background scattering]]
[2020.01.06-08.58.48:329][  0]LogConfig: Setting CVar [[r.DOF.Scatter.EnableBokehSettings:1      ; bokeh simulation when scattering]]
[2020.01.06-08.58.48:329][  0]LogConfig: Setting CVar [[r.DOF.Scatter.MaxSpriteRatio:0.1         ; only a maximum of 10% of scattered bokeh]]
[2020.01.06-08.58.48:329][  0]LogConfig: Setting CVar [[r.DOF.Recombine.Quality:1                ; cheap slight out of focus]]
[2020.01.06-08.58.48:329][  0]LogConfig: Setting CVar [[r.DOF.Recombine.EnableBokehSettings:0    ; no bokeh simulation on slight out of focus]]
[2020.01.06-08.58.48:329][  0]LogConfig: Setting CVar [[r.DOF.TemporalAAQuality:1                ; more stable temporal accumulation]]
[2020.01.06-08.58.48:329][  0]LogConfig: Setting CVar [[r.DOF.Kernel.MaxForegroundRadius:0.025]]
[2020.01.06-08.58.48:329][  0]LogConfig: Setting CVar [[r.DOF.Kernel.MaxBackgroundRadius:0.025]]
[2020.01.06-08.58.48:329][  0]LogConfig: Applying CVar settings from Section [TextureQuality@3] File [C:/Users/k.allaire/Desktop/Github/Unreal-Engine-Level-Design/SURINA/Saved/Config/Windows/Scalability.ini]
[2020.01.06-08.58.48:329][  0]LogConfig: Setting CVar [[r.Streaming.MipBias:0]]
[2020.01.06-08.58.48:329][  0]LogConfig: Setting CVar [[r.Streaming.AmortizeCPUToGPUCopy:0]]
[2020.01.06-08.58.48:329][  0]LogConfig: Setting CVar [[r.Streaming.MaxNumTexturesToStreamPerFrame:0]]
[2020.01.06-08.58.48:329][  0]LogConfig: Setting CVar [[r.Streaming.Boost:1]]
[2020.01.06-08.58.48:329][  0]LogConfig: Setting CVar [[r.MaxAnisotropy:8]]
[2020.01.06-08.58.48:329][  0]LogConfig: Setting CVar [[r.Streaming.LimitPoolSizeToVRAM:0]]
[2020.01.06-08.58.48:329][  0]LogConfig: Setting CVar [[r.Streaming.PoolSize:1000]]
[2020.01.06-08.58.48:329][  0]LogConfig: Setting CVar [[r.Streaming.MaxEffectiveScreenSize:0]]
[2020.01.06-08.58.48:329][  0]LogConfig: Applying CVar settings from Section [EffectsQuality@3] File [C:/Users/k.allaire/Desktop/Github/Unreal-Engine-Level-Design/SURINA/Saved/Config/Windows/Scalability.ini]
[2020.01.06-08.58.48:329][  0]LogConfig: Setting CVar [[r.TranslucencyLightingVolumeDim:64]]
[2020.01.06-08.58.48:329][  0]LogConfig: Setting CVar [[r.RefractionQuality:2]]
[2020.01.06-08.58.48:329][  0]LogConfig: Setting CVar [[r.SSR.Quality:3]]
[2020.01.06-08.58.48:329][  0]LogConfig: Setting CVar [[r.SceneColorFormat:4]]
[2020.01.06-08.58.48:329][  0]LogConfig: Setting CVar [[r.DetailMode:2]]
[2020.01.06-08.58.48:329][  0]LogConfig: Setting CVar [[r.TranslucencyVolumeBlur:1]]
[2020.01.06-08.58.48:329][  0]LogConfig: Setting CVar [[r.MaterialQualityLevel:1 ; High quality]]
[2020.01.06-08.58.48:329][  0]LogConfig: Setting CVar [[r.SSS.Scale:1]]
[2020.01.06-08.58.48:329][  0]LogConfig: Setting CVar [[r.SSS.SampleSet:2]]
[2020.01.06-08.58.48:329][  0]LogConfig: Setting CVar [[r.SSS.Quality:1]]
[2020.01.06-08.58.48:329][  0]LogConfig: Setting CVar [[r.SSS.HalfRes:1]]
[2020.01.06-08.58.48:329][  0]LogConfig: Setting CVar [[r.EmitterSpawnRateScale:1.0]]
[2020.01.06-08.58.48:329][  0]LogConfig: Setting CVar [[r.ParticleLightQuality:2]]
[2020.01.06-08.58.48:329][  0]LogConfig: Applying CVar settings from Section [FoliageQuality@3] File [C:/Users/k.allaire/Desktop/Github/Unreal-Engine-Level-Design/SURINA/Saved/Config/Windows/Scalability.ini]
[2020.01.06-08.58.48:329][  0]LogConfig: Setting CVar [[foliage.DensityScale:1.0]]
[2020.01.06-08.58.48:329][  0]LogConfig: Setting CVar [[grass.DensityScale:1.0]]
[2020.01.06-08.58.48:329][  0]LogInit: Selected Device Profile: [Windows]
[2020.01.06-08.58.48:329][  0]LogInit: Applying CVar settings loaded from the selected device profile: [Windows]
[2020.01.06-08.58.48:332][  0]LogHAL: Display: Platform has ~ 16 GB [17120026624 / 17179869184 / 16], which maps to Larger [LargestMinGB=32, LargerMinGB=12, DefaultMinGB=8, SmallerMinGB=6, SmallestMinGB=0)
[2020.01.06-08.58.48:332][  0]LogInit: Going up to parent DeviceProfile []
[2020.01.06-08.58.48:332][  0]LogConfig: Applying CVar settings from Section [ViewDistanceQuality@3] File [C:/Users/k.allaire/Desktop/Github/Unreal-Engine-Level-Design/SURINA/Saved/Config/Windows/Scalability.ini]
[2020.01.06-08.58.48:332][  0]LogConfig: Setting CVar [[r.SkeletalMeshLODBias:0]]
[2020.01.06-08.58.48:332][  0]LogConfig: Setting CVar [[r.ViewDistanceScale:1.0]]
[2020.01.06-08.58.48:332][  0]LogConfig: Applying CVar settings from Section [AntiAliasingQuality@3] File [C:/Users/k.allaire/Desktop/Github/Unreal-Engine-Level-Design/SURINA/Saved/Config/Windows/Scalability.ini]
[2020.01.06-08.58.48:332][  0]LogConfig: Setting CVar [[r.PostProcessAAQuality:4]]
[2020.01.06-08.58.48:332][  0]LogConfig: Applying CVar settings from Section [ShadowQuality@3] File [C:/Users/k.allaire/Desktop/Github/Unreal-Engine-Level-Design/SURINA/Saved/Config/Windows/Scalability.ini]
[2020.01.06-08.58.48:332][  0]LogConfig: Setting CVar [[r.LightFunctionQuality:1]]
[2020.01.06-08.58.48:332][  0]LogConfig: Setting CVar [[r.ShadowQuality:5]]
[2020.01.06-08.58.48:332][  0]LogConfig: Setting CVar [[r.Shadow.CSM.MaxCascades:10]]
[2020.01.06-08.58.48:332][  0]LogConfig: Setting CVar [[r.Shadow.MaxResolution:2048]]
[2020.01.06-08.58.48:332][  0]LogConfig: Setting CVar [[r.Shadow.MaxCSMResolution:2048]]
[2020.01.06-08.58.48:332][  0]LogConfig: Setting CVar [[r.Shadow.RadiusThreshold:0.01]]
[2020.01.06-08.58.48:332][  0]LogConfig: Setting CVar [[r.Shadow.DistanceScale:1.0]]
[2020.01.06-08.58.48:332][  0]LogConfig: Setting CVar [[r.Shadow.CSM.TransitionScale:1.0]]
[2020.01.06-08.58.48:332][  0]LogConfig: Setting CVar [[r.Shadow.PreShadowResolutionFactor:1.0]]
[2020.01.06-08.58.48:332][  0]LogConfig: Setting CVar [[r.DistanceFieldShadowing:1]]
[2020.01.06-08.58.48:333][  0]LogConfig: Setting CVar [[r.DistanceFieldAO:1]]
[2020.01.06-08.58.48:333][  0]LogConfig: Setting CVar [[r.AOQuality:2]]
[2020.01.06-08.58.48:333][  0]LogConfig: Setting CVar [[r.VolumetricFog:1]]
[2020.01.06-08.58.48:333][  0]LogConfig: Setting CVar [[r.VolumetricFog.GridPixelSize:8]]
[2020.01.06-08.58.48:333][  0]LogConfig: Setting CVar [[r.VolumetricFog.GridSizeZ:128]]
[2020.01.06-08.58.48:333][  0]LogConfig: Setting CVar [[r.VolumetricFog.HistoryMissSupersampleCount:4]]
[2020.01.06-08.58.48:333][  0]LogConfig: Setting CVar [[r.LightMaxDrawDistanceScale:1]]
[2020.01.06-08.58.48:333][  0]LogConfig: Setting CVar [[r.CapsuleShadows:1]]
[2020.01.06-08.58.48:333][  0]LogConfig: Applying CVar settings from Section [PostProcessQuality@3] File [C:/Users/k.allaire/Desktop/Github/Unreal-Engine-Level-Design/SURINA/Saved/Config/Windows/Scalability.ini]
[2020.01.06-08.58.48:333][  0]LogConfig: Setting CVar [[r.MotionBlurQuality:4]]
[2020.01.06-08.58.48:333][  0]LogConfig: Setting CVar [[r.AmbientOcclusionMipLevelFactor:0.4]]
[2020.01.06-08.58.48:333][  0]LogConfig: Setting CVar [[r.AmbientOcclusionMaxQuality:100]]
[2020.01.06-08.58.48:333][  0]LogConfig: Setting CVar [[r.AmbientOcclusionLevels:-1]]
[2020.01.06-08.58.48:333][  0]LogConfig: Setting CVar [[r.AmbientOcclusionRadiusScale:1.0]]
[2020.01.06-08.58.48:333][  0]LogConfig: Setting CVar [[r.DepthOfFieldQuality:2]]
[2020.01.06-08.58.48:333][  0]LogConfig: Setting CVar [[r.RenderTargetPoolMin:400]]
[2020.01.06-08.58.48:333][  0]LogConfig: Setting CVar [[r.LensFlareQuality:2]]
[2020.01.06-08.58.48:333][  0]LogConfig: Setting CVar [[r.SceneColorFringeQuality:1]]
[2020.01.06-08.58.48:333][  0]LogConfig: Setting CVar [[r.EyeAdaptationQuality:2]]
[2020.01.06-08.58.48:333][  0]LogConfig: Setting CVar [[r.BloomQuality:5]]
[2020.01.06-08.58.48:333][  0]LogConfig: Setting CVar [[r.FastBlurThreshold:100]]
[2020.01.06-08.58.48:333][  0]LogConfig: Setting CVar [[r.Upscale.Quality:3]]
[2020.01.06-08.58.48:333][  0]LogConfig: Setting CVar [[r.Tonemapper.GrainQuantization:1]]
[2020.01.06-08.58.48:333][  0]LogConfig: Setting CVar [[r.LightShaftQuality:1]]
[2020.01.06-08.58.48:333][  0]LogConfig: Setting CVar [[r.Filter.SizeScale:1]]
[2020.01.06-08.58.48:333][  0]LogConfig: Setting CVar [[r.Tonemapper.Quality:5]]
[2020.01.06-08.58.48:333][  0]LogConfig: Setting CVar [[r.DOF.Gather.AccumulatorQuality:1        ; higher gathering accumulator quality]]
[2020.01.06-08.58.48:333][  0]LogConfig: Setting CVar [[r.DOF.Gather.PostfilterMethod:1          ; Median3x3 postfilering method]]
[2020.01.06-08.58.48:333][  0]LogConfig: Setting CVar [[r.DOF.Gather.EnableBokehSettings:0       ; no bokeh simulation when gathering]]
[2020.01.06-08.58.48:333][  0]LogConfig: Setting CVar [[r.DOF.Gather.RingCount:4                 ; medium number of samples when gathering]]
[2020.01.06-08.58.48:333][  0]LogConfig: Setting CVar [[r.DOF.Scatter.ForegroundCompositing:1    ; additive foreground scattering]]
[2020.01.06-08.58.48:333][  0]LogConfig: Setting CVar [[r.DOF.Scatter.BackgroundCompositing:2    ; additive background scattering]]
[2020.01.06-08.58.48:333][  0]LogConfig: Setting CVar [[r.DOF.Scatter.EnableBokehSettings:1      ; bokeh simulation when scattering]]
[2020.01.06-08.58.48:333][  0]LogConfig: Setting CVar [[r.DOF.Scatter.MaxSpriteRatio:0.1         ; only a maximum of 10% of scattered bokeh]]
[2020.01.06-08.58.48:333][  0]LogConfig: Setting CVar [[r.DOF.Recombine.Quality:1                ; cheap slight out of focus]]
[2020.01.06-08.58.48:333][  0]LogConfig: Setting CVar [[r.DOF.Recombine.EnableBokehSettings:0    ; no bokeh simulation on slight out of focus]]
[2020.01.06-08.58.48:333][  0]LogConfig: Setting CVar [[r.DOF.TemporalAAQuality:1                ; more stable temporal accumulation]]
[2020.01.06-08.58.48:333][  0]LogConfig: Setting CVar [[r.DOF.Kernel.MaxForegroundRadius:0.025]]
[2020.01.06-08.58.48:333][  0]LogConfig: Setting CVar [[r.DOF.Kernel.MaxBackgroundRadius:0.025]]
[2020.01.06-08.58.48:333][  0]LogConfig: Applying CVar settings from Section [TextureQuality@3] File [C:/Users/k.allaire/Desktop/Github/Unreal-Engine-Level-Design/SURINA/Saved/Config/Windows/Scalability.ini]
[2020.01.06-08.58.48:333][  0]LogConfig: Setting CVar [[r.Streaming.MipBias:0]]
[2020.01.06-08.58.48:333][  0]LogConfig: Setting CVar [[r.Streaming.AmortizeCPUToGPUCopy:0]]
[2020.01.06-08.58.48:333][  0]LogConfig: Setting CVar [[r.Streaming.MaxNumTexturesToStreamPerFrame:0]]
[2020.01.06-08.58.48:333][  0]LogConfig: Setting CVar [[r.Streaming.Boost:1]]
[2020.01.06-08.58.48:333][  0]LogConfig: Setting CVar [[r.MaxAnisotropy:8]]
[2020.01.06-08.58.48:333][  0]LogConfig: Setting CVar [[r.Streaming.LimitPoolSizeToVRAM:0]]
[2020.01.06-08.58.48:333][  0]LogConfig: Setting CVar [[r.Streaming.PoolSize:1000]]
[2020.01.06-08.58.48:333][  0]LogConfig: Setting CVar [[r.Streaming.MaxEffectiveScreenSize:0]]
[2020.01.06-08.58.48:333][  0]LogConfig: Applying CVar settings from Section [EffectsQuality@3] File [C:/Users/k.allaire/Desktop/Github/Unreal-Engine-Level-Design/SURINA/Saved/Config/Windows/Scalability.ini]
[2020.01.06-08.58.48:333][  0]LogConfig: Setting CVar [[r.TranslucencyLightingVolumeDim:64]]
[2020.01.06-08.58.48:333][  0]LogConfig: Setting CVar [[r.RefractionQuality:2]]
[2020.01.06-08.58.48:333][  0]LogConfig: Setting CVar [[r.SSR.Quality:3]]
[2020.01.06-08.58.48:333][  0]LogConfig: Setting CVar [[r.SceneColorFormat:4]]
[2020.01.06-08.58.48:333][  0]LogConfig: Setting CVar [[r.DetailMode:2]]
[2020.01.06-08.58.48:333][  0]LogConfig: Setting CVar [[r.TranslucencyVolumeBlur:1]]
[2020.01.06-08.58.48:333][  0]LogConfig: Setting CVar [[r.MaterialQualityLevel:1 ; High quality]]
[2020.01.06-08.58.48:333][  0]LogConfig: Setting CVar [[r.SSS.Scale:1]]
[2020.01.06-08.58.48:333][  0]LogConfig: Setting CVar [[r.SSS.SampleSet:2]]
[2020.01.06-08.58.48:333][  0]LogConfig: Setting CVar [[r.SSS.Quality:1]]
[2020.01.06-08.58.48:333][  0]LogConfig: Setting CVar [[r.SSS.HalfRes:1]]
[2020.01.06-08.58.48:333][  0]LogConfig: Setting CVar [[r.EmitterSpawnRateScale:1.0]]
[2020.01.06-08.58.48:333][  0]LogConfig: Setting CVar [[r.ParticleLightQuality:2]]
[2020.01.06-08.58.48:333][  0]LogConfig: Applying CVar settings from Section [FoliageQuality@3] File [C:/Users/k.allaire/Desktop/Github/Unreal-Engine-Level-Design/SURINA/Saved/Config/Windows/Scalability.ini]
[2020.01.06-08.58.48:333][  0]LogConfig: Setting CVar [[foliage.DensityScale:1.0]]
[2020.01.06-08.58.48:333][  0]LogConfig: Setting CVar [[grass.DensityScale:1.0]]
[2020.01.06-08.58.48:333][  0]LogConfig: Applying CVar settings from Section [Startup] File [../../../Engine/Config/ConsoleVariables.ini]
[2020.01.06-08.58.48:333][  0]LogConfig: Setting CVar [[net.UseAdaptiveNetUpdateFrequency:0]]
[2020.01.06-08.58.48:333][  0]LogConfig: Setting CVar [[p.chaos.AllowCreatePhysxBodies:1]]
[2020.01.06-08.58.48:333][  0]LogConfig: Applying CVar settings from Section [ConsoleVariables] File [C:/Users/k.allaire/Desktop/Github/Unreal-Engine-Level-Design/SURINA/Saved/Config/Windows/Engine.ini]
[2020.01.06-08.58.48:334][  0]LogInit: Computer: J103-0106
[2020.01.06-08.58.48:334][  0]LogInit: User: kallaire
[2020.01.06-08.58.48:334][  0]LogInit: CPU Page size=4096, Cores=4
[2020.01.06-08.58.48:334][  0]LogInit: High frequency timer resolution =10.000000 MHz
[2020.01.06-08.58.48:334][  0]LogMemory: Memory total: Physical=15.9GB (16GB approx)
[2020.01.06-08.58.48:334][  0]LogMemory: Platform Memory Stats for Windows
[2020.01.06-08.58.48:334][  0]LogMemory: Process Physical Memory: 105.85 MB used, 105.85 MB peak
[2020.01.06-08.58.48:334][  0]LogMemory: Process Virtual Memory: 105.29 MB used, 105.29 MB peak
[2020.01.06-08.58.48:334][  0]LogMemory: Physical Memory: 7007.98 MB used,  9318.95 MB free, 16326.93 MB total
[2020.01.06-08.58.48:334][  0]LogMemory: Virtual Memory: 4721.46 MB used,  134213008.00 MB free, 134217728.00 MB total
[2020.01.06-08.58.48:336][  0]LogWindows: WindowsPlatformFeatures enabled
[2020.01.06-08.58.48:359][  0]LogInit: Using OS detected language (en-US).
[2020.01.06-08.58.48:360][  0]LogInit: Using OS detected locale (fr-FR).
[2020.01.06-08.58.48:360][  0]LogTextLocalizationManager: No specific localization for 'en-US' exists, so the 'en' localization will be used.
[2020.01.06-08.58.48:525][  0]LogInit: Setting process to per monitor DPI aware
[2020.01.06-08.58.48:559][  0]LogSlate: New Slate User Created.  User Index 0, Is Virtual User: 0
[2020.01.06-08.58.48:559][  0]LogSlate: Slate User Registered.  User Index 0, Is Virtual User: 0
[2020.01.06-08.58.48:702][  0]LogHMD: Failed to initialize OpenVR with code 110
[2020.01.06-08.58.48:702][  0]LogD3D11RHI: D3D11 adapters:
[2020.01.06-08.58.48:754][  0]LogD3D11RHI:    0. 'NVIDIA GeForce GTX 980' (Feature Level 11_0)
[2020.01.06-08.58.48:754][  0]LogD3D11RHI:       4060/0/8163 MB DedicatedVideo/DedicatedSystem/SharedSystem, Outputs:2, VendorId:0x10de
[2020.01.06-08.58.48:756][  0]LogD3D11RHI:    1. 'Microsoft Basic Render Driver' (Feature Level 11_0)
[2020.01.06-08.58.48:756][  0]LogD3D11RHI:       0/0/8163 MB DedicatedVideo/DedicatedSystem/SharedSystem, Outputs:0, VendorId:0x1414
[2020.01.06-08.58.48:756][  0]LogD3D11RHI: Chosen D3D11 Adapter: 0
[2020.01.06-08.58.48:762][  0]LogD3D11RHI: Creating new Direct3DDevice
[2020.01.06-08.58.48:762][  0]LogD3D11RHI:     GPU DeviceId: 0x13c0 (for the marketing name, search the web for "GPU Device Id")
[2020.01.06-08.58.48:763][  0]LogWindows: EnumDisplayDevices:
[2020.01.06-08.58.48:763][  0]LogWindows:    0. 'NVIDIA GeForce GTX 980' (P:1 D:1)
[2020.01.06-08.58.48:763][  0]LogWindows:    1. 'NVIDIA GeForce GTX 980' (P:0 D:1)
[2020.01.06-08.58.48:763][  0]LogWindows:    2. 'NVIDIA GeForce GTX 980' (P:0 D:0)
[2020.01.06-08.58.48:763][  0]LogWindows:    3. 'NVIDIA GeForce GTX 980' (P:0 D:0)
[2020.01.06-08.58.48:763][  0]LogWindows: DebugString: FoundDriverCount:4 
[2020.01.06-08.58.48:763][  0]LogD3D11RHI:     Adapter Name: NVIDIA GeForce GTX 980
[2020.01.06-08.58.48:763][  0]LogD3D11RHI:   Driver Version: 388.13 (internal:23.21.13.8813, unified:388.13)
[2020.01.06-08.58.48:764][  0]LogD3D11RHI:      Driver Date: 10-27-2017
[2020.01.06-08.58.48:764][  0]LogRHI: Texture pool is 2842 MB (70% of 4060 MB)
[2020.01.06-08.58.48:795][  0]LogD3D11RHI: Async texture creation enabled
[2020.01.06-08.58.48:807][  0]LogD3D11RHI: GPU Timing Frequency: 1000.000000 (Debug: 2 1)
[2020.01.06-08.58.49:270][  0]LogTemp: Display: Module 'AllDesktopTargetPlatform' loaded TargetPlatform 'AllDesktop'
[2020.01.06-08.58.49:279][  0]LogTemp: Display: Module 'MacClientTargetPlatform' loaded TargetPlatform 'MacClient'
[2020.01.06-08.58.49:288][  0]LogTemp: Display: Module 'MacNoEditorTargetPlatform' loaded TargetPlatform 'MacNoEditor'
[2020.01.06-08.58.49:296][  0]LogTemp: Display: Module 'MacServerTargetPlatform' loaded TargetPlatform 'MacServer'
[2020.01.06-08.58.49:304][  0]LogTemp: Display: Module 'MacTargetPlatform' loaded TargetPlatform 'Mac'
[2020.01.06-08.58.49:312][  0]LogTemp: Display: Module 'WindowsClientTargetPlatform' loaded TargetPlatform 'WindowsClient'
[2020.01.06-08.58.49:321][  0]LogTemp: Display: Module 'WindowsNoEditorTargetPlatform' loaded TargetPlatform 'WindowsNoEditor'
[2020.01.06-08.58.49:329][  0]LogTemp: Display: Module 'WindowsServerTargetPlatform' loaded TargetPlatform 'WindowsServer'
[2020.01.06-08.58.49:333][  0]LogTemp: Display: Module 'WindowsTargetPlatform' loaded TargetPlatform 'Windows'
[2020.01.06-08.58.49:366][  0]LogTemp: Display: Module 'AndroidTargetPlatform' loaded TargetPlatform 'Android'
[2020.01.06-08.58.49:366][  0]LogTemp: Display: Module 'AndroidTargetPlatform' loaded TargetPlatform 'Android_ASTC'
[2020.01.06-08.58.49:366][  0]LogTemp: Display: Module 'AndroidTargetPlatform' loaded TargetPlatform 'Android_ATC'
[2020.01.06-08.58.49:366][  0]LogTemp: Display: Module 'AndroidTargetPlatform' loaded TargetPlatform 'Android_DXT'
[2020.01.06-08.58.49:366][  0]LogTemp: Display: Module 'AndroidTargetPlatform' loaded TargetPlatform 'Android_ETC1'
[2020.01.06-08.58.49:366][  0]LogTemp: Display: Module 'AndroidTargetPlatform' loaded TargetPlatform 'Android_ETC1a'
[2020.01.06-08.58.49:366][  0]LogTemp: Display: Module 'AndroidTargetPlatform' loaded TargetPlatform 'Android_ETC2'
[2020.01.06-08.58.49:366][  0]LogTemp: Display: Module 'AndroidTargetPlatform' loaded TargetPlatform 'Android_PVRTC'
[2020.01.06-08.58.49:366][  0]LogTemp: Display: Module 'AndroidTargetPlatform' loaded TargetPlatform 'AndroidClient'
[2020.01.06-08.58.49:366][  0]LogTemp: Display: Module 'AndroidTargetPlatform' loaded TargetPlatform 'Android_ASTCClient'
[2020.01.06-08.58.49:366][  0]LogTemp: Display: Module 'AndroidTargetPlatform' loaded TargetPlatform 'Android_ATCClient'
[2020.01.06-08.58.49:366][  0]LogTemp: Display: Module 'AndroidTargetPlatform' loaded TargetPlatform 'Android_DXTClient'
[2020.01.06-08.58.49:366][  0]LogTemp: Display: Module 'AndroidTargetPlatform' loaded TargetPlatform 'Android_ETC1Client'
[2020.01.06-08.58.49:366][  0]LogTemp: Display: Module 'AndroidTargetPlatform' loaded TargetPlatform 'Android_ETC1aClient'
[2020.01.06-08.58.49:366][  0]LogTemp: Display: Module 'AndroidTargetPlatform' loaded TargetPlatform 'Android_ETC2Client'
[2020.01.06-08.58.49:366][  0]LogTemp: Display: Module 'AndroidTargetPlatform' loaded TargetPlatform 'Android_PVRTCClient'
[2020.01.06-08.58.49:366][  0]LogTemp: Display: Module 'AndroidTargetPlatform' loaded TargetPlatform 'Android_Multi'
[2020.01.06-08.58.49:366][  0]LogTemp: Display: Module 'AndroidTargetPlatform' loaded TargetPlatform 'Android_MultiClient'
[2020.01.06-08.58.49:368][  0]LogTemp: Display: Module 'HTML5TargetPlatform' loaded TargetPlatform 'HTML5'
[2020.01.06-08.58.49:386][  0]LogTemp: Display: Module 'IOSTargetPlatform' loaded TargetPlatform 'IOSClient'
[2020.01.06-08.58.49:386][  0]LogTemp: Display: Module 'IOSTargetPlatform' loaded TargetPlatform 'IOS'
[2020.01.06-08.58.49:402][  0]LogTemp: Display: Module 'TVOSTargetPlatform' loaded TargetPlatform 'TVOSClient'
[2020.01.06-08.58.49:402][  0]LogTemp: Display: Module 'TVOSTargetPlatform' loaded TargetPlatform 'TVOS'
[2020.01.06-08.58.49:409][  0]LogTemp: Display: Module 'LinuxClientTargetPlatform' loaded TargetPlatform 'LinuxClient'
[2020.01.06-08.58.49:416][  0]LogTemp: Display: Module 'LinuxNoEditorTargetPlatform' loaded TargetPlatform 'LinuxNoEditor'
[2020.01.06-08.58.49:422][  0]LogTemp: Display: Module 'LinuxServerTargetPlatform' loaded TargetPlatform 'LinuxServer'
[2020.01.06-08.58.49:429][  0]LogTemp: Display: Module 'LinuxTargetPlatform' loaded TargetPlatform 'Linux'
[2020.01.06-08.58.49:456][  0]LogTemp: Display: Module 'LuminTargetPlatform' loaded TargetPlatform 'Lumin'
[2020.01.06-08.58.49:456][  0]LogTemp: Display: Module 'LuminTargetPlatform' loaded TargetPlatform 'LuminClient'
[2020.01.06-08.58.49:456][  0]LogTargetPlatformManager: Display: Building Assets For Windows
[2020.01.06-08.58.49:464][  0]LogAudioDebug: Display: Lib vorbis DLL was dynamically loaded.
[2020.01.06-08.58.49:528][  0]LogShaderCompilers: Guid format shader working directory is -32 characters bigger than the processId version (../../../../../../Users/k.allaire/Desktop/Github/Unreal-Engine-Level-Design/SURINA/Intermediate/Shaders/WorkingDirectory/8188/).
[2020.01.06-08.58.49:528][  0]LogShaderCompilers: Cleaned the shader compiler working directory 'C:/Users/k.allaire/AppData/Local/Temp/UnrealShaderWorkingDir/B550E3544821C18309350087E214AA8C/'.
[2020.01.06-08.58.49:531][  0]LogXGEController: Cannot use XGE Controller as Incredibuild is not installed on this machine.
[2020.01.06-08.58.49:531][  0]LogShaderCompilers: Cannot use XGE Shader Compiler as Incredibuild is not installed on this machine.
[2020.01.06-08.58.49:532][  0]LogShaderCompilers: Display: Using Local Shader Compiler.
[2020.01.06-08.58.50:104][  0]LogDerivedDataCache: Display: Max Cache Size: 512 MB
[2020.01.06-08.58.50:161][  0]LogDerivedDataCache: Loaded boot cache 0.06s 84MB C:/Users/k.allaire/AppData/Local/UnrealEngine/4.23/DerivedDataCache/Boot.ddc.
[2020.01.06-08.58.50:161][  0]LogDerivedDataCache: Display: Loaded Boot cache: C:/Users/k.allaire/AppData/Local/UnrealEngine/4.23/DerivedDataCache/Boot.ddc
[2020.01.06-08.58.50:161][  0]LogDerivedDataCache: FDerivedDataBackendGraph:  Pak pak cache file ../../../../../../Users/k.allaire/Desktop/Github/Unreal-Engine-Level-Design/SURINA/DerivedDataCache/DDC.ddp not found, will not use a pak cache.
[2020.01.06-08.58.50:161][  0]LogDerivedDataCache: Unable to find inner node Pak for hierarchical cache Hierarchy.
[2020.01.06-08.58.50:161][  0]LogDerivedDataCache: FDerivedDataBackendGraph:  CompressedPak pak cache file ../../../../../../Users/k.allaire/Desktop/Github/Unreal-Engine-Level-Design/SURINA/DerivedDataCache/Compressed.ddp not found, will not use a pak cache.
[2020.01.06-08.58.50:161][  0]LogDerivedDataCache: Unable to find inner node CompressedPak for hierarchical cache Hierarchy.
[2020.01.06-08.58.50:173][  0]LogDerivedDataCache: Display: Pak cache opened for reading ../../../Engine/DerivedDataCache/Compressed.ddp.
[2020.01.06-08.58.50:173][  0]LogDerivedDataCache: FDerivedDataBackendGraph:  EnterprisePak pak cache file ../../../Enterprise/DerivedDataCache/Compressed.ddp not found, will not use a pak cache.
[2020.01.06-08.58.50:173][  0]LogDerivedDataCache: Unable to find inner node EnterprisePak for hierarchical cache Hierarchy.
[2020.01.06-08.58.50:175][  0]LogDerivedDataCache: Using Local data cache path C:/Users/k.allaire/AppData/Local/UnrealEngine/Common/DerivedDataCache: Writable
[2020.01.06-08.58.50:175][  0]LogDerivedDataCache: Shared data cache path not found in *engine.ini, will not use an Shared cache.
[2020.01.06-08.58.50:175][  0]LogDerivedDataCache: Unable to find inner node Shared for hierarchical cache Hierarchy.
[2020.01.06-08.58.50:211][  0]LogMaterial: Verifying Global Shaders for PCD3D_SM5
[2020.01.06-08.58.50:215][  0]LogSlate: Using FreeType 2.6.0
[2020.01.06-08.58.50:215][  0]LogSlate: SlateFontServices - WITH_FREETYPE: 1, WITH_HARFBUZZ: 1
[2020.01.06-08.58.50:274][  0]LogAssetRegistry: FAssetRegistry took 0.0022 seconds to start up
[2020.01.06-08.58.50:521][  0]LogInit: Selected Device Profile: [Windows]
[2020.01.06-08.58.50:666][  0]LogMeshReduction: Using QuadricMeshReduction for automatic static mesh reduction
[2020.01.06-08.58.50:666][  0]LogMeshReduction: Using SimplygonMeshReduction for automatic skeletal mesh reduction
[2020.01.06-08.58.50:666][  0]LogMeshReduction: Using ProxyLODMeshReduction for automatic mesh merging
[2020.01.06-08.58.50:666][  0]LogMeshReduction: No distributed automatic mesh merging module available
[2020.01.06-08.58.50:666][  0]LogMeshMerging: No distributed automatic mesh merging module available
[2020.01.06-08.58.50:675][  0]LogNetVersion: SURINA 1.0.0, NetCL: 8386587, EngineNetVer: 11, GameNetVer: 0 (Checksum: 4209899)
[2020.01.06-08.58.51:097][  0]LogPackageLocalizationCache: Processed 12 localized package path(s) for 1 prioritized culture(s) in 0.049886 seconds
[2020.01.06-08.58.51:106][  0]LogUObjectArray: 43444 objects as part of root set at end of initial load.
[2020.01.06-08.58.51:106][  0]LogUObjectAllocator: 7548648 out of 0 bytes used by permanent object pool.
[2020.01.06-08.58.51:106][  0]LogUObjectArray: CloseDisregardForGC: 0/0 objects in disregard for GC pool
[2020.01.06-08.58.52:014][  0]LogTcpMessaging: Initializing TcpMessaging bridge
[2020.01.06-08.58.52:017][  0]LogUdpMessaging: Initializing bridge on interface 0.0.0.0:0 to multicast group 230.0.0.1:6666.
[2020.01.06-08.58.53:470][  0]SourceControl: Source control is disabled
[2020.01.06-08.58.53:470][  0]SourceControl: Source control is disabled
[2020.01.06-08.58.53:472][  0]SourceControl: Source control is disabled
[2020.01.06-08.58.53:472][  0]SourceControl: Source control is disabled
[2020.01.06-08.58.53:550][  0]LogAndroidPermission: UAndroidPermissionCallbackProxy::GetInstance
[2020.01.06-08.58.53:745][  0]LogOcInput: OculusInput pre-init called
[2020.01.06-08.58.53:751][  0]LogWindows: Failed to load 'OVRPlugin.dll' (GetLastError=126)
[2020.01.06-08.58.53:751][  0]LogWindows: File 'OVRPlugin.dll' does not exist
[2020.01.06-08.58.53:933][  0]LogEngine: Initializing Engine...
[2020.01.06-08.58.53:933][  0]LogHMD: Failed to initialize OpenVR with code 110
[2020.01.06-08.58.53:934][  0]LogStats: UGameplayTagsManager::InitializeManager -  0.000 s
[2020.01.06-08.58.54:290][  0]LogInit: Initializing FReadOnlyCVARCache
[2020.01.06-08.58.54:304][  0]LogAIModule: Creating AISystem for world Untitled
[2020.01.06-08.58.54:369][  0]LogInit: XAudio2 using 'Headphones (High Definition Audio Device)' : 2 channels at 48 kHz using 16 bits per sample (channel mask 0x3)
[2020.01.06-08.58.54:386][  0]LogInit: FAudioDevice initialized.
[2020.01.06-08.58.54:386][  0]LogNetVersion: Set ProjectVersion to 1.0.0.0. Version Checksum will be recalculated on next use.
[2020.01.06-08.58.54:788][  0]LogDerivedDataCache: Saved boot cache 0.40s 93MB C:/Users/k.allaire/AppData/Local/UnrealEngine/4.23/DerivedDataCache/Boot.ddc.
[2020.01.06-08.58.54:806][  0]LogInit: Texture streaming: Enabled
[2020.01.06-08.58.54:826][  0]LogEngineSessionManager: EngineSessionManager initialized
[2020.01.06-08.58.54:897][  0]LogInit: Transaction tracking system initialized
[2020.01.06-08.58.54:926][  0]BlueprintLog: New page: Editor Load
[2020.01.06-08.58.55:004][  0]LocalizationService: Localization service is disabled
[2020.01.06-08.58.55:314][  0]LogFileCache: Scanning file cache for directory 'C:/Users/k.allaire/Desktop/Github/Unreal-Engine-Level-Design/SURINA/Content/' took 0.01s
[2020.01.06-08.58.55:314][  0]LogCook: Display: Max memory allowance for cook 16384mb min free memory 0mb
[2020.01.06-08.58.55:314][  0]LogCook: Display: Mobile HDR setting 1
[2020.01.06-08.58.55:480][  0]SourceControl: Source control is disabled
[2020.01.06-08.58.55:480][  0]Cmd: MAP LOAD FILE="../../../../../../Users/k.allaire/Desktop/Github/Unreal-Engine-Level-Design/SURINA/Content/TopDownCPP/Maps/TopDownExampleMap.umap" TEMPLATE=0 SHOWPROGRESS=1 FEATURELEVEL=3
[2020.01.06-08.58.55:481][  0]LightingResults: New page: Lighting Build
[2020.01.06-08.58.55:484][  0]LogWorld: UWorld::CleanupWorld for Untitled, bSessionEnded=true, bCleanupResources=true
[2020.01.06-08.58.55:484][  0]MapCheck: New page: Map Check
[2020.01.06-08.58.55:484][  0]LightingResults: New page: Lighting Build
[2020.01.06-08.58.55:508][  0]LogUObjectHash: Compacting FUObjectHashTables data took   1.96ms
[2020.01.06-08.58.56:197][  0]LogMaterial: Display: Missing cached shader map for material CelShading, compiling. 
[2020.01.06-08.58.56:244][  0]LogShaderCompilers: Display: Worker (1/5): shaders left to compile 8
[2020.01.06-08.58.56:244][  0]LogShaderCompilers: Display: Worker (2/5): shaders left to compile 6
[2020.01.06-08.58.56:244][  0]LogShaderCompilers: Display: Worker (3/5): shaders left to compile 4
[2020.01.06-08.58.56:244][  0]LogShaderCompilers: Display: Worker (4/5): shaders left to compile 2
[2020.01.06-08.58.56:244][  0]LogAIModule: Creating AISystem for world TopDownExampleMap
[2020.01.06-08.58.56:249][  0]LogEditorServer: Finished looking for orphan Actors (0.000 secs)
[2020.01.06-08.58.56:269][  0]LogUObjectHash: Compacting FUObjectHashTables data took   2.07ms
[2020.01.06-08.58.56:270][  0]Cmd: MAP CHECKDEP NOCLEARLOG
[2020.01.06-08.58.56:270][  0]MapCheck: Map check complete: 0 Error(s), 0 Warning(s), took 0,194ms to complete.
[2020.01.06-08.58.56:270][  0]LogFileHelpers: Loading map 'TopDownExampleMap' took 0.790
[2020.01.06-08.58.56:632][  0]LogSlate: Updating window title bar state: overlay mode, drag disabled, window buttons hidden, title bar hidden
[2020.01.06-08.58.56:643][  0]LogSlate: Updating window title bar state: overlay mode, drag disabled, window buttons hidden, title bar hidden
[2020.01.06-08.58.56:653][  0]LogSlate: Updating window title bar state: overlay mode, drag disabled, window buttons hidden, title bar hidden
[2020.01.06-08.58.56:660][  0]LogSlate: Updating window title bar state: overlay mode, drag disabled, window buttons hidden, title bar hidden
[2020.01.06-08.58.56:670][  0]LogCollectionManager: Loaded 0 collections in 0.002455 seconds
[2020.01.06-08.58.56:679][  0]LogFileCache: Scanning file cache for directory 'C:/Users/k.allaire/Desktop/Github/Unreal-Engine-Level-Design/SURINA/Saved/Collections/' took 0.00s
[2020.01.06-08.58.56:679][  0]LogFileCache: Scanning file cache for directory 'C:/Users/k.allaire/Desktop/Github/Unreal-Engine-Level-Design/SURINA/Content/Developers/kallaire/Collections/' took 0.00s
[2020.01.06-08.58.56:679][  0]LogFileCache: Scanning file cache for directory 'C:/Users/k.allaire/Desktop/Github/Unreal-Engine-Level-Design/SURINA/Content/Collections/' took 0.00s
[2020.01.06-08.58.56:679][  0]LogCollectionManager: Rebuilt the GUID cache for 0 collections in 0.000002 seconds
[2020.01.06-08.58.56:688][  0]LogContentBrowser: Native class hierarchy populated in 0.0093 seconds. Added 2870 classes and 683 folders.
[2020.01.06-08.58.56:697][  0]LogContentBrowser: Native class hierarchy updated for 'WidgetCarousel' in 0.0004 seconds. Added 0 classes and 0 folders.
[2020.01.06-08.59.00:092][  0]LogContentBrowser: Native class hierarchy updated for 'AddContentDialog' in 0.0004 seconds. Added 0 classes and 0 folders.
[2020.01.06-08.59.00:098][  0]LogContentBrowser: Native class hierarchy updated for 'SceneOutliner' in 0.0005 seconds. Added 1 classes and 2 folders.
[2020.01.06-08.59.00:130][  0]LogSlate: Took 0.000155 seconds to synchronously load lazily loaded font '../../../Engine/Content/Slate/Fonts/Roboto-Regular.ttf' (155K)
[2020.01.06-08.59.00:132][  0]LogSlate: Took 0.000161 seconds to synchronously load lazily loaded font '../../../Engine/Content/Slate/Fonts/Roboto-Bold.ttf' (160K)
[2020.01.06-08.59.00:186][  0]LogSlate: Took 0.050192 seconds to synchronously load lazily loaded font '../../../Engine/Content/Editor/Slate/Fonts/FontAwesome.ttf' (139K)
[2020.01.06-08.59.00:277][  0]LogRenderer: Reallocating scene render targets to support 1152x652 Format 10 NumSamples 1 (Frame:1).
[2020.01.06-08.59.00:376][  0]LogContentBrowser: Native class hierarchy updated for 'HierarchicalLODOutliner' in 0.0004 seconds. Added 0 classes and 0 folders.
[2020.01.06-08.59.00:376][  0]LogLoad: (Engine Initialization) Total time: 192.17 seconds
[2020.01.06-08.59.00:376][  0]LogLoad: (Engine Initialization) Total Blueprint compile time: 0.00 seconds
[2020.01.06-08.59.00:399][  0]LogContentStreaming: Texture pool size now 1000 MB
[2020.01.06-08.59.00:455][  0]LogSlate: Took 0.004144 seconds to synchronously load lazily loaded font '../../../Engine/Content/Slate/Fonts/Roboto-Light.ttf' (167K)
[2020.01.06-08.59.01:412][109]LogSlate: Took 0.000197 seconds to synchronously load lazily loaded font '../../../Engine/Content/Slate/Fonts/Roboto-Light.ttf' (167K)
[2020.01.06-08.59.28:949][399]LogAssetRegistry: Asset discovery search completed in 38.6789 seconds
[2020.01.06-08.59.28:952][399]LogCollectionManager: Rebuilt the object cache for 0 collections in 0.000004 seconds (found 0 objects)
[2020.01.06-08.59.28:952][399]LogCollectionManager: Fixed up redirectors for 0 collections in 0.000052 seconds (updated 0 objects)
[2020.01.06-08.59.46:575][463]LogSlate: FSceneViewport::OnFocusLost() reason 0
[2020.01.06-08.59.46:649][472]LogSlate: Window 'Pixel Inspector' being destroyed
[2020.01.06-08.59.46:653][472]LogSlate: Window 'Pixel Inspector' being destroyed
[2020.01.06-08.59.51:466][ 45]LogSlate: FSceneViewport::OnFocusLost() reason 2
[2020.01.06-08.59.52:835][208]MapCheck: New page: Map Check
[2020.01.06-08.59.52:842][208]LogSlate: FSceneViewport::OnFocusLost() reason 5
[2020.01.06-08.59.52:879][208]LightingResults: New page: Lighting Build - 6 janv. 2020 10:59:52
[2020.01.06-08.59.52:997][208]LogSwarmInterface: [OpenConnection] Registering TCP channel ...
[2020.01.06-08.59.53:167][208]LogSwarmInterface: [OpenConnection] Connecting to agent ...
[2020.01.06-08.59.53:210][208]LogSwarmInterface: [TryOpenConnection] Testing the Agent
[2020.01.06-08.59.55:321][208]LogSwarmInterface: [TryOpenConnection] Opening Connection to Agent
[2020.01.06-08.59.55:321][208]LogSwarmInterface: [TryOpenConnection] Local Process ID is 8188
[2020.01.06-09.00.04:427][208]LogStaticLightingSystem: Running Lightmass w/ ImmediateImport mode ENABLED
[2020.01.06-09.00.04:427][208]LogStaticLightingSystem: Running Lightmass w/ ImmediateProcess mode ENABLED
[2020.01.06-09.00.04:427][208]LogStaticLightingSystem: Running Lightmass w/ Sorting mode ENABLED
[2020.01.06-09.00.04:427][208]LogStaticLightingSystem: Running Lightmass w/ Mapping paddings ENABLED
[2020.01.06-09.00.04:427][208]LogStaticLightingSystem: Running Lightmass w/ Mapping debug paddings DISABLED
[2020.01.06-09.00.04:689][208]LogEditorBuildUtils: Build time 0:11
[2020.01.06-09.00.04:702][208]LogMaterial: Display: Missing cached shader map for material FLightmassMaterialRenderer MaterialInstanceDynamic_0, compiling. 
[2020.01.06-09.00.04:710][208]LogMaterial: Display: Missing cached shader map for material FLightmassMaterialRenderer MaterialInstanceDynamic_0, compiling. 
[2020.01.06-09.00.04:721][209]LogShaderCompilers: Display: Worker (1/5): shaders left to compile 4
[2020.01.06-09.00.04:721][209]LogShaderCompilers: Display: Worker (2/5): shaders left to compile 2
[2020.01.06-09.00.05:874][214]LogUObjectHash: Compacting FUObjectHashTables data took   0.88ms
[2020.01.06-09.00.16:634][244]Job is a success!
[2020.01.06-09.00.17:058][245]LogVolumetricLightmapImport: Imported Volumetric Lightmap in 0.019s
[2020.01.06-09.00.17:058][245]LogVolumetricLightmapImport:      Indirection Texture 16x16x16 = 0.0Mb
[2020.01.06-09.00.17:058][245]LogVolumetricLightmapImport:      BrickData 75x5x5 = 0.1Mb (trimmed 0.1Mb due to 0.010000 MinBrickError)
[2020.01.06-09.00.17:058][245]LogVolumetricLightmapImport:      Bricks at Level
[2020.01.06-09.00.17:058][245]LogVolumetricLightmapImport:          0: 6.7% covering 100.0% of volume
[2020.01.06-09.00.17:058][245]LogVolumetricLightmapImport:          1: 26.7% covering 6.3% of volume
[2020.01.06-09.00.17:058][245]LogVolumetricLightmapImport:          2: 66.7% covering 0.2% of volume
[2020.01.06-09.00.17:808][245]LogTexture: Display: Building textures: HQ_Lightmap0_1 (AutoDXT, 1024X1024)
[2020.01.06-09.00.17:808][245]LogTexture: Display: Building textures: LQ_Lightmap_0_1 (DXT1, 1024X1024)
[2020.01.06-09.00.17:808][245]LogTexture: Display: Building textures: HQ_Lightmap0_2 (AutoDXT, 1024X1024)
[2020.01.06-09.00.17:808][245]LogTexture: Display: Building textures: LQ_Lightmap_0_2 (DXT1, 1024X1024)
[2020.01.06-09.00.17:808][245]LogTexture: Display: Building textures: HQ_Lightmap0_3 (AutoDXT, 1024X1024)
[2020.01.06-09.00.17:808][245]LogTexture: Display: Building textures: LQ_Lightmap_0_3 (DXT1, 1024X1024)
[2020.01.06-09.00.17:808][245]LogTexture: Display: Building textures: HQ_Lightmap0_4 (AutoDXT, 64X64)
[2020.01.06-09.00.17:808][245]LogTexture: Display: Building textures: LQ_Lightmap_0_4 (DXT1, 64X64)
[2020.01.06-09.00.17:996][245]LogTexture: Display: Building textures: ShadowMapTexture2D_1 (G8, 32X32)
[2020.01.06-09.00.17:996][245]LogTexture: Display: Building textures: ShadowMapTexture2D_0 (BGRA8, 1024X1024)
[2020.01.06-09.00.18:178][245]Lightmass on J103-0106: 10.7 sec total, 4.87 sec importing, 37 ms setup, 728 ms photons, 5.05 sec processing, 0 ms extra exporting [25/25 mappings]. Threads: 35.4 sec total, 16.1 sec processing.
[2020.01.06-09.00.18:187][245]LogStaticLightingSystem: TopDownExampleMap_BuiltData storing lightmap data for 25 meshes in 4 LightmapResourceClusters (6.3 Meshes per cluster).
[2020.01.06-09.00.18:214][245]LogUObjectHash: Compacting FUObjectHashTables data took   0.68ms
[2020.01.06-09.00.18:223][245]LogStaticLightingSystem: Illumination: 25.0 sec (667 ms encoding lightmaps, 182 ms encoding shadowmaps)
[2020.01.06-09.00.18:223][245]LogStaticLightingSystem: Lightmap texture memory:  6.0 MB (6.0 MB streaming, 0.0 MB non-streaming), 8 textures
[2020.01.06-09.00.18:223][245]LogStaticLightingSystem: Shadowmap texture memory: 5.3 MB (5.3 MB streaming, 0.0 MB non-streaming), 2 textures
[2020.01.06-09.00.18:442][245]DumpUnbuiltLightIteractions
[2020.01.06-09.00.18:442][245]Lights with unbuilt interactions: 0
[2020.01.06-09.00.18:442][245]
[2020.01.06-09.00.18:442][245]Primitives with unbuilt interactions: 0
[2020.01.06-09.00.18:517][246]Cmd: MAP CHECK NOTIFYRESULTS
[2020.01.06-09.00.18:517][246]MapCheck: New page: TopDownExampleMap - 6 janv. 2020 11:00:18
[2020.01.06-09.00.18:518][246]MapCheck: Map check complete: 0 Error(s), 0 Warning(s), took 0,624ms to complete.
[2020.01.06-09.00.23:634][567]LogSlate: FSceneViewport::OnFocusLost() reason 0
[2020.01.06-09.03.26:377][859]LogSlate: FSceneViewport::OnFocusLost() reason 0
[2020.01.06-09.03.37:608][739]LogSlate: FSceneViewport::OnFocusLost() reason 0
[2020.01.06-09.03.37:756][754]LogAssetEditorManager: Opening Asset editor for Material /Game/_Material/_CelShading/CelShading.CelShading
[2020.01.06-09.03.37:760][754]LogMaterial: Display: Missing cached shader map for material CelShading, compiling. 
[2020.01.06-09.03.38:017][754]LogMaterial: Display: Missing cached shader map for material CelShading, compiling. 
[2020.01.06-09.03.38:027][754]LogMaterial: Display: Missing cached shader map for material CelShading, compiling. 
[2020.01.06-09.03.38:037][754]LogMaterial: Display: Missing cached shader map for material FMatExpressionPreview MaterialExpressionVectorParameter_0, compiling. 
[2020.01.06-09.03.38:048][754]LogShaderCompilers: Display: Worker (1/5): shaders left to compile 7
[2020.01.06-09.03.38:048][754]LogShaderCompilers: Display: Worker (2/5): shaders left to compile 6
[2020.01.06-09.03.38:048][754]LogShaderCompilers: Display: Worker (3/5): shaders left to compile 5
[2020.01.06-09.03.38:048][754]LogShaderCompilers: Display: Worker (4/5): shaders left to compile 4
[2020.01.06-09.03.38:048][754]LogMaterial: Display: Missing cached shader map for material FMatExpressionPreview MaterialExpressionVectorParameter_1, compiling. 
[2020.01.06-09.03.38:055][754]LogMaterial: Display: Missing cached shader map for material FMatExpressionPreview MaterialExpressionTextureSample_2, compiling. 
[2020.01.06-09.03.38:160][754]LogMaterial: Display: Missing cached shader map for material BasicShapeMaterial, compiling. 
[2020.01.06-09.03.38:274][754]LogAssetEditorManager: Opening Asset editor for Blueprint /Game/_Blueprints/AI/BTT_DashToPlayer.BTT_DashToPlayer
[2020.01.06-09.03.38:553][754]LogShaderCompilers: Display: Worker (1/5): shaders left to compile 100
[2020.01.06-09.03.38:553][754]LogShaderCompilers: Display: Worker (2/5): shaders left to compile 99
[2020.01.06-09.03.38:709][754]LogShaderCompilers: Display: Worker (4/5): shaders left to compile 98
[2020.01.06-09.03.38:710][754]LogShaderCompilers: Display: Worker (3/5): shaders left to compile 97
[2020.01.06-09.03.38:710][754]LogShaderCompilers: Display: Worker (1/5): shaders left to compile 96
[2020.01.06-09.03.38:904][754]LogShaderCompilers: Display: Worker (4/5): shaders left to compile 95
[2020.01.06-09.03.38:904][754]LogShaderCompilers: Display: Worker (2/5): shaders left to compile 94
[2020.01.06-09.03.38:904][754]LogContentBrowser: Native class hierarchy updated for 'BlueprintGraph' in 0.0014 seconds. Added 121 classes and 0 folders.
[2020.01.06-09.03.40:394][754]LogShaderCompilers: Display: Worker (4/5): shaders left to compile 93
[2020.01.06-09.03.40:394][754]LogShaderCompilers: Display: Worker (1/5): shaders left to compile 92
[2020.01.06-09.03.40:394][754]LogShaderCompilers: Display: Worker (2/5): shaders left to compile 91
[2020.01.06-09.03.40:394][754]LogShaderCompilers: Display: Worker (3/5): shaders left to compile 90
[2020.01.06-09.03.40:394][754]LogShaderCompilers: Display: Worker (4/5): shaders left to compile 89
[2020.01.06-09.03.40:394][754]LogShaderCompilers: Display: Worker (1/5): shaders left to compile 79
[2020.01.06-09.03.40:394][754]LogShaderCompilers: Display: Worker (2/5): shaders left to compile 69
[2020.01.06-09.03.40:395][754]LogShaderCompilers: Display: Worker (3/5): shaders left to compile 59
[2020.01.06-09.03.40:483][754]LogAssetEditorManager: Opening Asset editor for Blueprint /Game/_Blueprints/AI/BP_WatcherController.BP_WatcherController
[2020.01.06-09.03.41:045][754]LogMaterial: Display: Missing cached shader map for material PersonaFloorMat, compiling. 
[2020.01.06-09.03.41:165][754]LogAssetEditorManager: Opening Asset editor for BehaviorTree /Game/_Blueprints/AI/BT_Watcher.BT_Watcher
[2020.01.06-09.03.41:416][754]LogShaderCompilers: Display: Worker (3/5): shaders left to compile 80
[2020.01.06-09.03.41:416][754]LogTexture: Display: Building textures: ThumbnailTexture (DXT1, 512X512)
[2020.01.06-09.03.41:416][754]LogMaterial: Display: Missing cached shader map for material VisionMat, compiling. 
[2020.01.06-09.03.41:472][754]LogAssetEditorManager: Opening Asset editor for Blueprint /Game/_Blueprints/AI/BP_Watcher.BP_Watcher
[2020.01.06-09.03.41:835][754]LogShaderCompilers: Display: Worker (4/5): shaders left to compile 141
[2020.01.06-09.03.41:948][754]LogAssetEditorManager: Opening Asset editor for Blueprint /Game/_Blueprints/Player/BP_PlayerCharacter.BP_PlayerCharacter
[2020.01.06-09.03.42:428][754]LogAssetEditorManager: Opening Asset editor for ParticleSystem /Game/_Blueprints/VisionRange.VisionRange
[2020.01.06-09.03.42:509][754]LogContentBrowser: Native class hierarchy updated for 'Cascade' in 0.0006 seconds. Added 2 classes and 2 folders.
[2020.01.06-09.03.42:815][754]LogShaderCompilers: Display: Worker (2/5): shaders left to compile 131
[2020.01.06-09.03.42:821][754]LogAssetEditorManager: Opening Asset editor for Material /Game/_Blueprints/VisionMat.VisionMat
[2020.01.06-09.03.42:825][754]LogMaterial: Display: Missing cached shader map for material VisionMat, compiling. 
[2020.01.06-09.03.42:940][754]LogMaterial: Display: Missing cached shader map for material VisionMat, compiling. 
[2020.01.06-09.03.42:960][754]LogMaterial: Display: Missing cached shader map for material VisionMat, compiling. 
[2020.01.06-09.03.42:984][754]LogMaterial: Display: Missing cached shader map for material FMatExpressionPreview MaterialExpressionVectorParameter_0, compiling. 
[2020.01.06-09.03.42:995][754]LogMaterial: Display: Missing cached shader map for material FMatExpressionPreview MaterialExpressionDepthFade_1, compiling. 
[2020.01.06-09.03.43:006][754]LogMaterial: Display: Missing cached shader map for material FMatExpressionPreview MaterialExpressionMultiply_60, compiling. 
[2020.01.06-09.03.43:016][754]LogMaterial: Display: Missing cached shader map for material FMatExpressionPreview MaterialExpressionComponentMask_4, compiling. 
[2020.01.06-09.03.43:026][754]LogMaterial: Display: Missing cached shader map for material FMatExpressionPreview MaterialExpressionMultiply_58, compiling. 
[2020.01.06-09.03.43:035][754]LogMaterial: Display: Missing cached shader map for material FMatExpressionPreview MaterialExpressionSubtract_4, compiling. 
[2020.01.06-09.03.43:045][754]LogMaterial: Display: Missing cached shader map for material FMatExpressionPreview MaterialExpressionClamp_2, compiling. 
[2020.01.06-09.03.43:054][754]LogMaterial: Display: Missing cached shader map for material FMatExpressionPreview MaterialExpressionPower_2, compiling. 
[2020.01.06-09.03.43:062][754]LogMaterial: Display: Missing cached shader map for material FMatExpressionPreview MaterialExpressionOneMinus_2, compiling. 
[2020.01.06-09.03.43:071][754]LogMaterial: Display: Missing cached shader map for material FMatExpressionPreview MaterialExpressionAdd_1, compiling. 
[2020.01.06-09.03.43:081][754]LogMaterial: Display: Missing cached shader map for material FMatExpressionPreview MaterialExpressionMultiply_59, compiling. 
[2020.01.06-09.03.43:091][754]LogMaterial: Display: Missing cached shader map for material FMatExpressionPreview MaterialExpressionComponentMask_5, compiling. 
[2020.01.06-09.03.43:100][754]LogMaterial: Display: Missing cached shader map for material FMatExpressionPreview MaterialExpressionSubtract_5, compiling. 
[2020.01.06-09.03.43:107][754]LogShaderCompilers: Display: Worker (1/5): shaders left to compile 194
[2020.01.06-09.03.43:175][754]LogMaterial: Display: Missing cached shader map for material M_explosion_subUV, compiling. 
[2020.01.06-09.03.43:208][754]LogAssetEditorManager: Opening Asset editor for Material /Game/StarterContent/Particles/Materials/M_explosion_subUV.M_explosion_subUV
[2020.01.06-09.03.43:212][754]LogMaterial: Display: Missing cached shader map for material M_explosion_subUV, compiling. 
[2020.01.06-09.03.43:315][754]LogShaderCompilers: Display: Worker (1/5): shaders left to compile 251
[2020.01.06-09.03.43:318][754]LogMaterial: Display: Missing cached shader map for material M_explosion_subUV, compiling. 
[2020.01.06-09.03.43:336][754]LogMaterial: Display: Missing cached shader map for material M_explosion_subUV, compiling. 
[2020.01.06-09.03.43:356][754]LogMaterial: Display: Missing cached shader map for material FMatExpressionPreview MaterialExpressionDepthFade_0, compiling. 
[2020.01.06-09.03.43:367][754]LogMaterial: Display: Missing cached shader map for material FMatExpressionPreview MaterialExpressionParticleSubUV_0, compiling. 
[2020.01.06-09.03.43:436][754]LogMaterial: Display: Missing cached shader map for material m_flare_01, compiling. 
[2020.01.06-09.03.43:476][754]LogAssetEditorManager: Opening Asset editor for Material /Game/StarterContent/Particles/Materials/m_flare_01.m_flare_01
[2020.01.06-09.03.43:481][754]LogMaterial: Display: Missing cached shader map for material m_flare_01, compiling. 
[2020.01.06-09.03.43:592][754]LogShaderCompilers: Display: Worker (1/5): shaders left to compile 352
[2020.01.06-09.03.43:596][754]LogMaterial: Display: Missing cached shader map for material m_flare_01, compiling. 
[2020.01.06-09.03.43:613][754]LogMaterial: Display: Missing cached shader map for material m_flare_01, compiling. 
[2020.01.06-09.03.43:639][754]LogMaterial: Display: Missing cached shader map for material FMatExpressionPreview MaterialExpressionMultiply_60, compiling. 
[2020.01.06-09.03.43:649][754]LogMaterial: Display: Missing cached shader map for material FMatExpressionPreview MaterialExpressionComponentMask_4, compiling. 
[2020.01.06-09.03.43:659][754]LogMaterial: Display: Missing cached shader map for material FMatExpressionPreview MaterialExpressionMultiply_58, compiling. 
[2020.01.06-09.03.43:668][754]LogMaterial: Display: Missing cached shader map for material FMatExpressionPreview MaterialExpressionSubtract_4, compiling. 
[2020.01.06-09.03.43:677][754]LogMaterial: Display: Missing cached shader map for material FMatExpressionPreview MaterialExpressionClamp_2, compiling. 
[2020.01.06-09.03.43:686][754]LogShaderCompilers: Display: Worker (1/5): shaders left to compile 396
[2020.01.06-09.03.43:686][754]LogMaterial: Display: Missing cached shader map for material FMatExpressionPreview MaterialExpressionPower_2, compiling. 
[2020.01.06-09.03.43:696][754]LogMaterial: Display: Missing cached shader map for material FMatExpressionPreview MaterialExpressionOneMinus_2, compiling. 
[2020.01.06-09.03.43:707][754]LogMaterial: Display: Missing cached shader map for material FMatExpressionPreview MaterialExpressionAdd_1, compiling. 
[2020.01.06-09.03.43:717][754]LogMaterial: Display: Missing cached shader map for material FMatExpressionPreview MaterialExpressionMultiply_59, compiling. 
[2020.01.06-09.03.43:726][754]LogMaterial: Display: Missing cached shader map for material FMatExpressionPreview MaterialExpressionComponentMask_5, compiling. 
[2020.01.06-09.03.43:737][754]LogMaterial: Display: Missing cached shader map for material FMatExpressionPreview MaterialExpressionSubtract_5, compiling. 
[2020.01.06-09.03.43:746][754]LogMaterial: Display: Missing cached shader map for material FMatExpressionPreview MaterialExpressionDepthFade_1, compiling. 
[2020.01.06-09.03.44:294][754]LogShaderCompilers: Display: Worker (1/5): shaders left to compile 423
[2020.01.06-09.03.44:294][754]LogShaderCompilers: Display: Worker (1/5): shaders left to compile 422
[2020.01.06-09.03.44:294][754]LogShaderCompilers: Display: Worker (1/5): shaders left to compile 421
[2020.01.06-09.03.44:294][754]LogSlate: Took 0.006289 seconds to synchronously load lazily loaded font '../../../Engine/Content/Slate/Fonts/Roboto-BoldCondensed.ttf' (158K)
[2020.01.06-09.03.44:389][754]LogShaderCompilers: Display: Worker (3/5): shaders left to compile 420
[2020.01.06-09.03.44:469][755]LogShaderCompilers: Display: Worker (1/5): shaders left to compile 419
[2020.01.06-09.03.44:469][755]LogShaderCompilers: Display: Worker (4/5): shaders left to compile 418
[2020.01.06-09.03.44:512][755]MaterialEditorStats: Base pass shader without light map: 32 instructions
[2020.01.06-09.03.44:513][755]MaterialEditorStats: Base pass vertex shader: 40 instructions
[2020.01.06-09.03.44:513][755]MaterialEditorStats: Texture samplers: 5/16
[2020.01.06-09.03.44:513][755]MaterialEditorStats: Texture Lookups (Est.): VS(0), PS(17)
[2020.01.06-09.03.44:669][761]LogShaderCompilers: Display: Worker (3/5): shaders left to compile 417
[2020.01.06-09.03.44:693][763]LogShaderCompilers: Display: Worker (4/5): shaders left to compile 416
[2020.01.06-09.03.44:718][765]LogShaderCompilers: Display: Worker (1/5): shaders left to compile 415
[2020.01.06-09.03.44:917][778]LogShaderCompilers: Display: Worker (1/5): shaders left to compile 414
[2020.01.06-09.03.45:003][779]LogShaderCompilers: Display: Worker (4/5): shaders left to compile 413
[2020.01.06-09.03.45:003][779]LogShaderCompilers: Display: Worker (2/5): shaders left to compile 412
[2020.01.06-09.03.45:003][779]LogShaderCompilers: Display: Worker (3/5): shaders left to compile 411
[2020.01.06-09.03.45:118][787]LogShaderCompilers: Display: Worker (4/5): shaders left to compile 410
[2020.01.06-09.03.45:132][788]LogShaderCompilers: Display: Worker (1/5): shaders left to compile 409
[2020.01.06-09.03.45:132][788]LogShaderCompilers: Display: Worker (3/5): shaders left to compile 408
[2020.01.06-09.03.45:382][807]LogShaderCompilers: Display: Worker (4/5): shaders left to compile 407
[2020.01.06-09.03.45:402][809]LogShaderCompilers: Display: Worker (2/5): shaders left to compile 406
[2020.01.06-09.03.45:531][822]LogShaderCompilers: Display: Worker (3/5): shaders left to compile 405
[2020.01.06-09.03.45:542][823]LogShaderCompilers: Display: Worker (1/5): shaders left to compile 404
[2020.01.06-09.03.45:775][842]LogShaderCompilers: Display: Worker (2/5): shaders left to compile 403
[2020.01.06-09.03.46:048][862]LogShaderCompilers: Display: Worker (1/5): shaders left to compile 402
[2020.01.06-09.03.46:125][866]LogShaderCompilers: Display: Worker (2/5): shaders left to compile 401
[2020.01.06-09.03.46:181][872]LogShaderCompilers: Display: Worker (4/5): shaders left to compile 400
[2020.01.06-09.03.46:254][878]LogShaderCompilers: Display: Worker (3/5): shaders left to compile 399
[2020.01.06-09.03.46:257][878]MaterialEditorStats: Base pass shader without light map: 70 instructions
[2020.01.06-09.03.46:258][878]MaterialEditorStats: Base pass vertex shader: 104 instructions
[2020.01.06-09.03.46:258][878]MaterialEditorStats: Texture samplers: 4/16
[2020.01.06-09.03.46:258][878]MaterialEditorStats: Texture Lookups (Est.): VS(0), PS(1)
[2020.01.06-09.03.46:258][878]MaterialEditorStats: User interpolators: 2/4 Scalars (1/4 Vectors) (TexCoords: 2, Custom: 0)
[2020.01.06-09.03.46:465][892]LogShaderCompilers: Display: Worker (1/5): shaders left to compile 398
[2020.01.06-09.03.46:502][895]LogShaderCompilers: Display: Worker (4/5): shaders left to compile 397
[2020.01.06-09.03.46:523][897]LogShaderCompilers: Display: Worker (2/5): shaders left to compile 396
[2020.01.06-09.03.46:552][900]LogShaderCompilers: Display: Worker (3/5): shaders left to compile 395
[2020.01.06-09.03.46:859][929]LogShaderCompilers: Display: Worker (2/5): shaders left to compile 394
[2020.01.06-09.03.46:892][933]LogShaderCompilers: Display: Worker (1/5): shaders left to compile 393
[2020.01.06-09.03.46:909][935]LogShaderCompilers: Display: Worker (3/5): shaders left to compile 392
[2020.01.06-09.03.46:929][937]LogShaderCompilers: Display: Worker (4/5): shaders left to compile 391
[2020.01.06-09.03.47:262][973]LogShaderCompilers: Display: Worker (4/5): shaders left to compile 390
[2020.01.06-09.03.47:286][976]LogShaderCompilers: Display: Worker (3/5): shaders left to compile 389
[2020.01.06-09.03.47:295][977]LogShaderCompilers: Display: Worker (2/5): shaders left to compile 388
[2020.01.06-09.03.47:313][979]LogShaderCompilers: Display: Worker (1/5): shaders left to compile 387
[2020.01.06-09.03.48:017][ 11]LogShaderCompilers: Display: Worker (2/5): shaders left to compile 386
[2020.01.06-09.03.48:017][ 11]LogShaderCompilers: Display: Worker (1/5): shaders left to compile 385
[2020.01.06-09.03.48:017][ 11]LogShaderCompilers: Display: Worker (4/5): shaders left to compile 384
[2020.01.06-09.03.48:017][ 11]LogShaderCompilers: Display: Worker (3/5): shaders left to compile 383
[2020.01.06-09.03.48:017][ 11]LogShaderCompilers: Display: Worker (4/5): shaders left to compile 382
[2020.01.06-09.03.48:017][ 11]LogShaderCompilers: Display: Worker (3/5): shaders left to compile 381
[2020.01.06-09.03.48:017][ 11]LogShaderCompilers: Display: Worker (2/5): shaders left to compile 380
[2020.01.06-09.03.48:017][ 11]LogShaderCompilers: Display: Worker (1/5): shaders left to compile 379
[2020.01.06-09.03.48:036][ 11]LogSlate: Took 0.004514 seconds to synchronously load lazily loaded font '../../../Engine/Content/Slate/Fonts/Roboto-Italic.ttf' (157K)
[2020.01.06-09.03.48:359][ 33]LogShaderCompilers: Display: Worker (2/5): shaders left to compile 378
[2020.01.06-09.03.48:367][ 33]LogShaderCompilers: Display: Worker (1/5): shaders left to compile 377
[2020.01.06-09.03.48:395][ 34]LogShaderCompilers: Display: Worker (4/5): shaders left to compile 376
[2020.01.06-09.03.48:408][ 35]LogShaderCompilers: Display: Worker (3/5): shaders left to compile 375
[2020.01.06-09.03.48:756][ 59]LogShaderCompilers: Display: Worker (3/5): shaders left to compile 374
[2020.01.06-09.03.48:756][ 59]LogShaderCompilers: Display: Worker (4/5): shaders left to compile 373
[2020.01.06-09.03.48:781][ 61]LogShaderCompilers: Display: Worker (2/5): shaders left to compile 372
[2020.01.06-09.03.48:805][ 63]LogShaderCompilers: Display: Worker (1/5): shaders left to compile 371
[2020.01.06-09.03.49:160][ 93]LogShaderCompilers: Display: Worker (2/5): shaders left to compile 370
[2020.01.06-09.03.49:221][100]LogShaderCompilers: Display: Worker (1/5): shaders left to compile 369
[2020.01.06-09.03.49:230][101]LogShaderCompilers: Display: Worker (3/5): shaders left to compile 368
[2020.01.06-09.03.49:282][105]LogShaderCompilers: Display: Worker (4/5): shaders left to compile 367
[2020.01.06-09.03.49:630][136]LogShaderCompilers: Display: Worker (3/5): shaders left to compile 366
[2020.01.06-09.03.49:649][138]LogShaderCompilers: Display: Worker (2/5): shaders left to compile 365
[2020.01.06-09.03.49:649][138]LogShaderCompilers: Display: Worker (4/5): shaders left to compile 364
[2020.01.06-09.03.49:658][139]LogShaderCompilers: Display: Worker (1/5): shaders left to compile 363
[2020.01.06-09.03.50:038][171]LogShaderCompilers: Display: Worker (4/5): shaders left to compile 362
[2020.01.06-09.03.50:096][176]LogShaderCompilers: Display: Worker (1/5): shaders left to compile 361
[2020.01.06-09.03.50:109][177]LogShaderCompilers: Display: Worker (3/5): shaders left to compile 360
[2020.01.06-09.03.50:148][179]LogShaderCompilers: Display: Worker (2/5): shaders left to compile 359
[2020.01.06-09.03.50:442][189]LogShaderCompilers: Display: Worker (3/5): shaders left to compile 358
[2020.01.06-09.03.50:488][192]LogShaderCompilers: Display: Worker (2/5): shaders left to compile 357
[2020.01.06-09.03.50:490][192]LogShaderCompilers: Display: Worker (1/5): shaders left to compile 356
[2020.01.06-09.03.50:490][192]LogShaderCompilers: Display: Worker (4/5): shaders left to compile 355
[2020.01.06-09.03.50:836][211]LogShaderCompilers: Display: Worker (3/5): shaders left to compile 354
[2020.01.06-09.03.50:846][212]LogShaderCompilers: Display: Worker (4/5): shaders left to compile 353
[2020.01.06-09.03.50:891][217]LogShaderCompilers: Display: Worker (1/5): shaders left to compile 352
[2020.01.06-09.03.50:900][218]LogShaderCompilers: Display: Worker (2/5): shaders left to compile 351
[2020.01.06-09.03.51:233][248]LogShaderCompilers: Display: Worker (3/5): shaders left to compile 350
[2020.01.06-09.03.51:241][249]LogShaderCompilers: Display: Worker (1/5): shaders left to compile 349
[2020.01.06-09.03.51:251][250]LogShaderCompilers: Display: Worker (2/5): shaders left to compile 348
[2020.01.06-09.03.51:309][257]LogShaderCompilers: Display: Worker (4/5): shaders left to compile 347
[2020.01.06-09.03.51:383][264]LogShaderCompilers: Display: Worker (3/5): shaders left to compile 346
[2020.01.06-09.03.51:391][265]LogShaderCompilers: Display: Worker (2/5): shaders left to compile 345
[2020.01.06-09.03.51:402][266]LogSlate: FSceneViewport::OnFocusLost() reason 0
[2020.01.06-09.03.51:475][275]LogShaderCompilers: Display: Worker (1/5): shaders left to compile 344
[2020.01.06-09.03.51:569][286]LogShaderCompilers: Display: Worker (3/5): shaders left to compile 343
[2020.01.06-09.03.51:588][288]LogShaderCompilers: Display: Worker (4/5): shaders left to compile 342
[2020.01.06-09.03.51:620][292]LogShaderCompilers: Display: Worker (1/5): shaders left to compile 341
[2020.01.06-09.03.51:654][296]LogShaderCompilers: Display: Worker (2/5): shaders left to compile 340
[2020.01.06-09.03.51:714][303]LogShaderCompilers: Display: Worker (3/5): shaders left to compile 339
[2020.01.06-09.03.51:832][317]LogShaderCompilers: Display: Worker (4/5): shaders left to compile 338
[2020.01.06-09.03.51:841][318]LogShaderCompilers: Display: Worker (2/5): shaders left to compile 337
[2020.01.06-09.03.51:857][320]LogShaderCompilers: Display: Worker (1/5): shaders left to compile 336
[2020.01.06-09.03.51:943][330]LogShaderCompilers: Display: Worker (3/5): shaders left to compile 335
[2020.01.06-09.03.51:987][335]LogShaderCompilers: Display: Worker (4/5): shaders left to compile 334
[2020.01.06-09.03.52:089][347]LogShaderCompilers: Display: Worker (2/5): shaders left to compile 333
[2020.01.06-09.03.52:096][348]LogShaderCompilers: Display: Worker (1/5): shaders left to compile 332
[2020.01.06-09.03.52:188][359]LogShaderCompilers: Display: Worker (3/5): shaders left to compile 331
[2020.01.06-09.03.52:363][379]LogShaderCompilers: Display: Worker (4/5): shaders left to compile 330
[2020.01.06-09.03.52:455][390]LogShaderCompilers: Display: Worker (2/5): shaders left to compile 329
[2020.01.06-09.03.52:521][398]LogShaderCompilers: Display: Worker (3/5): shaders left to compile 328
[2020.01.06-09.03.52:735][423]LogShaderCompilers: Display: Worker (3/5): shaders left to compile 327
[2020.01.06-09.03.52:845][436]LogShaderCompilers: Display: Worker (1/5): shaders left to compile 326
[2020.01.06-09.03.52:886][441]LogShaderCompilers: Display: Worker (2/5): shaders left to compile 325
[2020.01.06-09.03.52:911][443]LogShaderCompilers: Display: Worker (4/5): shaders left to compile 324
[2020.01.06-09.03.52:929][445]MaterialEditorStats: Base pass shader without light map: 62 instructions
[2020.01.06-09.03.52:929][445]MaterialEditorStats: Base pass vertex shader: 104 instructions
[2020.01.06-09.03.52:929][445]MaterialEditorStats: Texture samplers: 4/16
[2020.01.06-09.03.52:929][445]MaterialEditorStats: Texture Lookups (Est.): VS(0), PS(3)
[2020.01.06-09.03.53:155][467]LogShaderCompilers: Display: Worker (3/5): shaders left to compile 323
[2020.01.06-09.03.53:216][474]LogShaderCompilers: Display: Worker (2/5): shaders left to compile 322
[2020.01.06-09.03.53:248][478]LogShaderCompilers: Display: Worker (1/5): shaders left to compile 321
[2020.01.06-09.03.53:248][478]LogShaderCompilers: Display: Worker (4/5): shaders left to compile 320
[2020.01.06-09.03.53:547][506]LogShaderCompilers: Display: Worker (3/5): shaders left to compile 319
[2020.01.06-09.03.53:594][511]LogShaderCompilers: Display: Worker (1/5): shaders left to compile 318
[2020.01.06-09.03.53:594][511]LogShaderCompilers: Display: Worker (4/5): shaders left to compile 317
[2020.01.06-09.03.53:654][518]LogShaderCompilers: Display: Worker (2/5): shaders left to compile 316
[2020.01.06-09.03.53:666][519]LogShaderCompilers: Display: Worker (3/5): shaders left to compile 315
[2020.01.06-09.03.53:750][528]LogShaderCompilers: Display: Worker (4/5): shaders left to compile 314
[2020.01.06-09.03.53:805][534]LogShaderCompilers: Display: Worker (3/5): shaders left to compile 313
[2020.01.06-09.03.53:839][538]LogShaderCompilers: Display: Worker (1/5): shaders left to compile 312
[2020.01.06-09.03.53:948][550]LogShaderCompilers: Display: Worker (4/5): shaders left to compile 311
[2020.01.06-09.03.53:957][551]LogShaderCompilers: Display: Worker (2/5): shaders left to compile 310
[2020.01.06-09.03.54:027][559]LogShaderCompilers: Display: Worker (3/5): shaders left to compile 309
[2020.01.06-09.03.54:248][584]LogShaderCompilers: Display: Worker (1/5): shaders left to compile 308
[2020.01.06-09.03.54:256][585]LogShaderCompilers: Display: Worker (2/5): shaders left to compile 307
[2020.01.06-09.03.54:256][585]LogShaderCompilers: Display: Worker (4/5): shaders left to compile 306
[2020.01.06-09.03.54:273][587]LogShaderCompilers: Display: Worker (3/5): shaders left to compile 305
[2020.01.06-09.03.54:399][600]LogShaderCompilers: Display: Worker (2/5): shaders left to compile 304
[2020.01.06-09.03.54:418][602]LogShaderCompilers: Display: Worker (3/5): shaders left to compile 303
[2020.01.06-09.03.54:518][613]LogShaderCompilers: Display: Worker (1/5): shaders left to compile 302
[2020.01.06-09.03.54:519][613]LogShaderCompilers: Display: Worker (4/5): shaders left to compile 301
[2020.01.06-09.03.54:572][619]LogShaderCompilers: Display: Worker (3/5): shaders left to compile 300
[2020.01.06-09.03.54:668][630]LogShaderCompilers: Display: Worker (2/5): shaders left to compile 299
[2020.01.06-09.03.54:748][638]LogShaderCompilers: Display: Worker (1/5): shaders left to compile 298
[2020.01.06-09.03.54:926][647]LogShaderCompilers: Display: Worker (4/5): shaders left to compile 297
[2020.01.06-09.03.55:001][652]LogShaderCompilers: Display: Worker (3/5): shaders left to compile 296
[2020.01.06-09.03.55:124][660]LogShaderCompilers: Display: Worker (1/5): shaders left to compile 295
[2020.01.06-09.03.55:403][685]LogShaderCompilers: Display: Worker (1/5): shaders left to compile 294
[2020.01.06-09.03.55:483][690]LogShaderCompilers: Display: Worker (2/5): shaders left to compile 293
[2020.01.06-09.03.55:504][691]LogShaderCompilers: Display: Worker (4/5): shaders left to compile 292
[2020.01.06-09.03.55:515][692]LogShaderCompilers: Display: Worker (3/5): shaders left to compile 291
[2020.01.06-09.03.55:543][694]MaterialEditorStats: Base pass shader without light map: 55 instructions
[2020.01.06-09.03.55:543][694]MaterialEditorStats: Base pass vertex shader: 104 instructions
[2020.01.06-09.03.55:543][694]MaterialEditorStats: Texture samplers: 4/16
[2020.01.06-09.03.55:543][694]MaterialEditorStats: User interpolators: 2/4 Scalars (1/4 Vectors) (TexCoords: 2, Custom: 0)
[2020.01.06-09.03.55:790][707]LogShaderCompilers: Display: Worker (1/5): shaders left to compile 290
[2020.01.06-09.03.55:841][713]LogShaderCompilers: Display: Worker (4/5): shaders left to compile 289
[2020.01.06-09.03.55:850][714]LogShaderCompilers: Display: Worker (3/5): shaders left to compile 288
[2020.01.06-09.03.55:900][718]LogShaderCompilers: Display: Worker (2/5): shaders left to compile 287
[2020.01.06-09.03.56:301][755]LogShaderCompilers: Display: Worker (3/5): shaders left to compile 286
[2020.01.06-09.03.56:362][760]LogShaderCompilers: Display: Worker (4/5): shaders left to compile 285
[2020.01.06-09.03.56:368][760]LogShaderCompilers: Display: Worker (1/5): shaders left to compile 284
[2020.01.06-09.03.56:368][760]LogShaderCompilers: Display: Worker (2/5): shaders left to compile 283
[2020.01.06-09.03.56:705][781]LogShaderCompilers: Display: Worker (1/5): shaders left to compile 282
[2020.01.06-09.03.56:705][781]LogShaderCompilers: Display: Worker (3/5): shaders left to compile 281
[2020.01.06-09.03.56:717][782]LogShaderCompilers: Display: Worker (2/5): shaders left to compile 280
[2020.01.06-09.03.56:771][788]LogShaderCompilers: Display: Worker (4/5): shaders left to compile 279
[2020.01.06-09.03.57:075][806]LogShaderCompilers: Display: Worker (2/5): shaders left to compile 278
[2020.01.06-09.03.57:094][808]LogShaderCompilers: Display: Worker (4/5): shaders left to compile 277
[2020.01.06-09.03.57:103][809]LogShaderCompilers: Display: Worker (1/5): shaders left to compile 276
[2020.01.06-09.03.57:103][809]LogShaderCompilers: Display: Worker (3/5): shaders left to compile 275
[2020.01.06-09.03.57:509][850]LogShaderCompilers: Display: Worker (2/5): shaders left to compile 274
[2020.01.06-09.03.57:518][851]LogShaderCompilers: Display: Worker (1/5): shaders left to compile 273
[2020.01.06-09.03.57:518][851]LogShaderCompilers: Display: Worker (3/5): shaders left to compile 272
[2020.01.06-09.03.57:580][858]LogShaderCompilers: Display: Worker (4/5): shaders left to compile 271
[2020.01.06-09.03.57:919][891]LogShaderCompilers: Display: Worker (3/5): shaders left to compile 270
[2020.01.06-09.03.57:929][892]LogShaderCompilers: Display: Worker (4/5): shaders left to compile 269
[2020.01.06-09.03.57:946][894]LogShaderCompilers: Display: Worker (2/5): shaders left to compile 268
[2020.01.06-09.03.57:989][899]LogShaderCompilers: Display: Worker (1/5): shaders left to compile 267
[2020.01.06-09.03.58:338][934]LogShaderCompilers: Display: Worker (2/5): shaders left to compile 266
[2020.01.06-09.03.58:355][936]LogShaderCompilers: Display: Worker (1/5): shaders left to compile 265
[2020.01.06-09.03.58:380][939]LogShaderCompilers: Display: Worker (3/5): shaders left to compile 264
[2020.01.06-09.03.58:473][950]LogShaderCompilers: Display: Worker (4/5): shaders left to compile 263
[2020.01.06-09.03.58:732][978]LogShaderCompilers: Display: Worker (3/5): shaders left to compile 262
[2020.01.06-09.03.58:789][985]LogShaderCompilers: Display: Worker (2/5): shaders left to compile 261
[2020.01.06-09.03.58:800][986]LogShaderCompilers: Display: Worker (1/5): shaders left to compile 260
[2020.01.06-09.03.58:800][986]LogShaderCompilers: Display: Worker (4/5): shaders left to compile 259
[2020.01.06-09.03.59:122][ 20]LogShaderCompilers: Display: Worker (3/5): shaders left to compile 258
[2020.01.06-09.03.59:177][ 26]LogShaderCompilers: Display: Worker (4/5): shaders left to compile 257
[2020.01.06-09.03.59:186][ 27]LogShaderCompilers: Display: Worker (1/5): shaders left to compile 256
[2020.01.06-09.03.59:202][ 29]LogShaderCompilers: Display: Worker (2/5): shaders left to compile 255
[2020.01.06-09.03.59:555][ 65]LogShaderCompilers: Display: Worker (1/5): shaders left to compile 254
[2020.01.06-09.03.59:603][ 71]LogShaderCompilers: Display: Worker (2/5): shaders left to compile 253
[2020.01.06-09.03.59:603][ 71]LogShaderCompilers: Display: Worker (3/5): shaders left to compile 252
[2020.01.06-09.03.59:620][ 73]LogShaderCompilers: Display: Worker (4/5): shaders left to compile 251
[2020.01.06-09.03.59:972][110]LogShaderCompilers: Display: Worker (3/5): shaders left to compile 250
[2020.01.06-09.04.00:006][114]LogShaderCompilers: Display: Worker (1/5): shaders left to compile 249
[2020.01.06-09.04.00:014][115]LogShaderCompilers: Display: Worker (4/5): shaders left to compile 248
[2020.01.06-09.04.00:061][120]LogShaderCompilers: Display: Worker (2/5): shaders left to compile 247
[2020.01.06-09.04.00:367][152]LogShaderCompilers: Display: Worker (4/5): shaders left to compile 246
[2020.01.06-09.04.00:409][157]LogShaderCompilers: Display: Worker (2/5): shaders left to compile 236
[2020.01.06-09.04.00:459][163]LogShaderCompilers: Display: Worker (3/5): shaders left to compile 226
[2020.01.06-09.04.00:469][164]LogShaderCompilers: Display: Worker (1/5): shaders left to compile 216
[2020.01.06-09.04.03:692][511]LogShaderCompilers: Display: Worker (2/5): shaders left to compile 206
[2020.01.06-09.04.03:735][516]LogShaderCompilers: Display: Worker (3/5): shaders left to compile 196
[2020.01.06-09.04.03:964][542]LogShaderCompilers: Display: Worker (4/5): shaders left to compile 186
[2020.01.06-09.04.05:465][704]LogShaderCompilers: Display: Worker (1/5): shaders left to compile 176
[2020.01.06-09.04.05:728][734]LogShaderCompilers: Display: Worker (3/5): shaders left to compile 166
[2020.01.06-09.04.07:857][973]LogShaderCompilers: Display: Worker (4/5): shaders left to compile 156
[2020.01.06-09.04.08:263][ 15]LogShaderCompilers: Display: Worker (2/5): shaders left to compile 146
[2020.01.06-09.04.08:623][ 53]LogShaderCompilers: Display: Worker (1/5): shaders left to compile 136
[2020.01.06-09.04.08:632][ 54]LogShaderCompilers: Display: Worker (3/5): shaders left to compile 126
[2020.01.06-09.04.10:232][231]LogShaderCompilers: Display: Worker (2/5): shaders left to compile 116
[2020.01.06-09.04.10:454][252]LogShaderCompilers: Display: Worker (3/5): shaders left to compile 106
[2020.01.06-09.04.11:105][291]LogShaderCompilers: Display: Worker (4/5): shaders left to compile 96
[2020.01.06-09.04.12:440][380]LogShaderCompilers: Display: Worker (1/5): shaders left to compile 86
[2020.01.06-09.04.12:578][387]LogShaderCompilers: Display: Worker (3/5): shaders left to compile 76
[2020.01.06-09.04.13:913][476]LogShaderCompilers: Display: Worker (2/5): shaders left to compile 66
[2020.01.06-09.04.14:323][503]LogShaderCompilers: Display: Worker (4/5): shaders left to compile 56
[2020.01.06-09.04.15:028][550]LogShaderCompilers: Display: Worker (1/5): shaders left to compile 46
[2020.01.06-09.04.15:138][557]LogShaderCompilers: Display: Worker (3/5): shaders left to compile 36
[2020.01.06-09.04.16:387][641]LogShaderCompilers: Display: Worker (4/5): shaders left to compile 26
[2020.01.06-09.04.16:676][661]LogShaderCompilers: Display: Worker (3/5): shaders left to compile 19
[2020.01.06-09.04.16:878][675]LogShaderCompilers: Display: Worker (2/5): shaders left to compile 14
[2020.01.06-09.04.17:533][719]LogShaderCompilers: Display: Worker (2/5): shaders left to compile 10
[2020.01.06-09.04.17:660][728]LogShaderCompilers: Display: Worker (3/5): shaders left to compile 7
[2020.01.06-09.04.18:257][765]LogShaderCompilers: Display: Worker (2/5): shaders left to compile 5
[2020.01.06-09.04.18:287][767]LogShaderCompilers: Display: Worker (1/5): shaders left to compile 3
[2020.01.06-09.04.18:593][788]LogShaderCompilers: Display: Worker (4/5): shaders left to compile 2
[2020.01.06-09.04.18:706][796]LogShaderCompilers: Display: Worker (3/5): shaders left to compile 1
